*** Starting uWSGI 2.0.20 (64bit) on [Mon Oct 16 11:48:13 2023] ***
compiled with version: 9.3.0 on 27 October 2021 13:42:40
os: Linux-5.4.0-136-generic #153-Ubuntu SMP Thu Nov 24 15:56:58 UTC 2022
nodename: studentlearn1
machine: x86_64
clock source: unix
pcre jit disabled
detected number of CPU cores: 4
current working directory: /var/www/html/LeafletLivingArchive
detected binary path: /usr/local/bin/uwsgi
setuid() to 8
chdir() to ./
your processes number limit is 31476
your memory page size is 4096 bytes
detected max file descriptor number: 1024
lock engine: pthread robust mutexes
thunder lock: disabled (you can enable it with --thunder-lock)
uwsgi socket 0 bound to TCP address 127.0.0.1:8002 fd 3
Python version: 3.8.10 (default, May 26 2023, 14:05:08)  [GCC 9.4.0]
*** Python threads support is disabled. You can enable it with --enable-threads ***
Python main interpreter initialized at 0x55d62f851ba0
your server socket listen backlog is limited to 100 connections
your mercy for graceful operations on workers is 60 seconds
mapped 145840 bytes (142 KB) for 1 cores
*** Operational MODE: single process ***
Traceback (most recent call last):
  File "/usr/local/lib/python3.8/dist-packages/django/core/handlers/wsgi.py", line 125, in __init__
    self.load_middleware()
  File "/usr/local/lib/python3.8/dist-packages/django/core/handlers/base.py", line 40, in load_middleware
    middleware = import_string(middleware_path)
  File "/usr/local/lib/python3.8/dist-packages/django/utils/module_loading.py", line 30, in import_string
    return cached_import(module_path, class_name)
  File "/usr/local/lib/python3.8/dist-packages/django/utils/module_loading.py", line 15, in cached_import
    module = import_module(module_path)
  File "/usr/lib/python3.8/importlib/__init__.py", line 127, in import_module
    return _bootstrap._gcd_import(name[level:], package, level)
  File "<frozen importlib._bootstrap>", line 1014, in _gcd_import
  File "<frozen importlib._bootstrap>", line 991, in _find_and_load
  File "<frozen importlib._bootstrap>", line 975, in _find_and_load_unlocked
  File "<frozen importlib._bootstrap>", line 671, in _load_unlocked
  File "<frozen importlib._bootstrap_external>", line 848, in exec_module
  File "<frozen importlib._bootstrap>", line 219, in _call_with_frames_removed
  File "/var/www/html/LeafletLivingArchive/./blog/middleware.py", line 3, in <module>
    from django.contrib.sessions.models import Session
  File "/usr/local/lib/python3.8/dist-packages/django/contrib/sessions/models.py", line 1, in <module>
    from django.contrib.sessions.base_session import AbstractBaseSession, BaseSessionManager
  File "/usr/local/lib/python3.8/dist-packages/django/contrib/sessions/base_session.py", line 26, in <module>
    class AbstractBaseSession(models.Model):
  File "/usr/local/lib/python3.8/dist-packages/django/db/models/base.py", line 127, in __new__
    app_config = apps.get_containing_app_config(module)
  File "/usr/local/lib/python3.8/dist-packages/django/apps/registry.py", line 260, in get_containing_app_config
    self.check_apps_ready()
  File "/usr/local/lib/python3.8/dist-packages/django/apps/registry.py", line 138, in check_apps_ready
    raise AppRegistryNotReady("Apps aren't loaded yet.")
django.core.exceptions.AppRegistryNotReady: Apps aren't loaded yet.
unable to load app 0 (mountpoint='') (callable not found or import error)
/usr/lib/python3.8/importlib/__init__.py:127: RemovedInWagtail50Warning: Importing from wagtail.core.apps is deprecated. Use wagtail.apps instead. See https://docs.wagtail.org/en/stable/releases/3.0.html#changes-to-module-paths
  return _bootstrap._gcd_import(name[level:], package, level)
/var/www/html/LeafletLivingArchive/./blog/models.py:6: RemovedInWagtail50Warning: Importing from wagtail.admin.edit_handlers is deprecated. Use wagtail.admin.panels instead. See https://docs.wagtail.org/en/stable/releases/3.0.html#changes-to-module-paths
  from wagtail.admin.edit_handlers import FieldPanel, StreamFieldPanel
/var/www/html/LeafletLivingArchive/./blog/models.py:7: RemovedInWagtail50Warning: Importing from wagtail.core.blocks is deprecated. Use wagtail.blocks instead. See https://docs.wagtail.org/en/stable/releases/3.0.html#changes-to-module-paths
  from wagtail.core.blocks import StructBlock, CharBlock
/var/www/html/LeafletLivingArchive/./blog/models.py:8: RemovedInWagtail50Warning: Importing from wagtail.core.fields is deprecated. Use wagtail.fields instead. See https://docs.wagtail.org/en/stable/releases/3.0.html#changes-to-module-paths
  from wagtail.core.fields import RichTextField
/usr/local/lib/python3.8/dist-packages/wagtail/core/models/__init__.py:46: RemovedInWagtail50Warning: Importing from wagtail.core.models.audit_log is deprecated. Use wagtail.models.audit_log instead. See https://docs.wagtail.org/en/stable/releases/3.0.html#changes-to-module-paths
  from .audit_log import (  # noqa
/usr/local/lib/python3.8/dist-packages/wagtail/core/models/__init__.py:52: RemovedInWagtail50Warning: Importing from wagtail.core.models.collections is deprecated. Use wagtail.models.collections instead. See https://docs.wagtail.org/en/stable/releases/3.0.html#changes-to-module-paths
  from .collections import (  # noqa
/usr/local/lib/python3.8/dist-packages/wagtail/core/models/__init__.py:62: RemovedInWagtail50Warning: Importing from wagtail.core.models.copying is deprecated. Use wagtail.models.copying instead. See https://docs.wagtail.org/en/stable/releases/3.0.html#changes-to-module-paths
  from .copying import _copy, _copy_m2m_relations, _extract_field_data  # noqa
/usr/local/lib/python3.8/dist-packages/wagtail/core/models/__init__.py:63: RemovedInWagtail50Warning: Importing from wagtail.core.models.i18n is deprecated. Use wagtail.models.i18n instead. See https://docs.wagtail.org/en/stable/releases/3.0.html#changes-to-module-paths
  from .i18n import (  # noqa
/usr/local/lib/python3.8/dist-packages/wagtail/core/models/__init__.py:72: RemovedInWagtail50Warning: Importing from wagtail.core.models.sites is deprecated. Use wagtail.models.sites instead. See https://docs.wagtail.org/en/stable/releases/3.0.html#changes-to-module-paths
  from .sites import Site, SiteManager, SiteRootPath  # noqa
/var/www/html/LeafletLivingArchive/./blog/models.py:12: RemovedInWagtail50Warning: Importing from wagtail.core.models is deprecated. Use wagtail.models instead. See https://docs.wagtail.org/en/stable/releases/3.0.html#changes-to-module-paths
  from wagtail.core.models import Page
/var/www/html/LeafletLivingArchive/./blog/models.py:94: RemovedInWagtail50Warning: ImageChooserPanel is no longer required for image choosers, and should be replaced by FieldPanel. ImageChooserPanel will be removed in a future release. See https://docs.wagtail.org/en/stable/releases/3.0.html#removal-of-special-purpose-field-panel-types
  ImageChooserPanel("image"),
/var/www/html/LeafletLivingArchive/./blog/models.py:98: RemovedInWagtail50Warning: StreamFieldPanel is no longer required when using StreamField, and should be replaced by FieldPanel. StreamFieldPanel will be removed in a future release. See https://docs.wagtail.org/en/stable/releases/3.0.html#removal-of-special-purpose-field-panel-types
  StreamFieldPanel("links"),
/usr/local/lib/python3.8/dist-packages/django/db/models/base.py:369: RemovedInWagtail50Warning: StreamField must explicitly set use_json_field argument to True/False instead of None.
  value.contribute_to_class(cls, name)
WSGI app 0 (mountpoint='') ready in 1 seconds on interpreter 0x55d62f851ba0 pid: 1970419 (default app)
*** uWSGI is running in multiple interpreter mode ***
spawned uWSGI master process (pid: 1970419)
spawned uWSGI worker 1 (pid: 1970422, cores: 1)
[pid: 1970422|app: 0|req: 1/1] 1.121.138.128 () {58 vars in 1087 bytes} [Mon Oct 16 11:48:18 2023] GET / => generated 31085 bytes in 1135 msecs (HTTP/1.1 200) 8 headers in 359 bytes (1 switches on core 0)
[pid: 1970422|app: 0|req: 2/2] 1.121.138.128 () {56 vars in 1072 bytes} [Mon Oct 16 11:48:23 2023] GET /livingarchive/static/css/styles.css => generated 221049 bytes in 4 msecs via sendfile() (HTTP/1.1 200) 8 headers in 292 bytes (0 switches on core 0)
[pid: 1970422|app: 0|req: 3/3] 1.121.138.128 () {56 vars in 1078 bytes} [Mon Oct 16 11:48:23 2023] GET /livingarchive/static/css/home_page.css => generated 772 bytes in 1 msecs via sendfile() (HTTP/1.1 200) 8 headers in 292 bytes (0 switches on core 0)
[pid: 1970422|app: 0|req: 4/4] 1.121.138.128 () {56 vars in 1173 bytes} [Mon Oct 16 11:48:23 2023] GET /livingarchive/static/assets/img/header-bg.jpg => generated 638239 bytes in 8 msecs via sendfile() (HTTP/1.1 200) 8 headers in 297 bytes (0 switches on core 0)
[pid: 1970422|app: 0|req: 5/5] 1.121.138.128 () {56 vars in 1132 bytes} [Mon Oct 16 11:48:25 2023] GET /livingarchive/static/assets/img/team/1.jpg => generated 41361 bytes in 3 msecs via sendfile() (HTTP/1.1 200) 8 headers in 288 bytes (0 switches on core 0)
[pid: 1970422|app: 0|req: 6/6] 1.121.138.128 () {56 vars in 1132 bytes} [Mon Oct 16 11:48:25 2023] GET /livingarchive/static/assets/img/team/3.jpg => generated 2103233 bytes in 8 msecs via sendfile() (HTTP/1.1 200) 8 headers in 290 bytes (0 switches on core 0)
[pid: 1970422|app: 0|req: 7/7] 1.121.138.128 () {56 vars in 1138 bytes} [Mon Oct 16 11:48:25 2023] GET /livingarchive/static/assets/img/logos/cdu.png => generated 8575 bytes in 2 msecs via sendfile() (HTTP/1.1 200) 8 headers in 288 bytes (0 switches on core 0)
[pid: 1970422|app: 0|req: 8/8] 1.121.138.128 () {56 vars in 1173 bytes} [Mon Oct 16 11:48:25 2023] GET /livingarchive/static/assets/img/map-image.png => generated 364038 bytes in 5 msecs via sendfile() (HTTP/1.1 200) 8 headers in 296 bytes (0 switches on core 0)
[pid: 1970422|app: 0|req: 9/9] 1.121.138.128 () {56 vars in 1056 bytes} [Mon Oct 16 11:48:25 2023] GET /livingarchive/static/js/scripts.js => generated 1860 bytes in 1 msecs via sendfile() (HTTP/1.1 200) 8 headers in 304 bytes (0 switches on core 0)
[pid: 1970422|app: 0|req: 10/10] 1.121.138.128 () {56 vars in 1126 bytes} [Mon Oct 16 11:48:28 2023] GET /livingarchive/static/assets/favicon.ico => generated 2238 bytes in 3 msecs via sendfile() (HTTP/1.1 200) 8 headers in 307 bytes (0 switches on core 0)
[pid: 1970422|app: 0|req: 11/11] 1.121.138.128 () {60 vars in 1195 bytes} [Mon Oct 16 11:49:12 2023] GET /login/ => generated 4873 bytes in 33 msecs (HTTP/1.1 200) 8 headers in 358 bytes (1 switches on core 0)
Internal Server Error: /login/
Traceback (most recent call last):
  File "/usr/local/lib/python3.8/dist-packages/django/db/backends/utils.py", line 89, in _execute
    return self.cursor.execute(sql, params)
  File "/usr/local/lib/python3.8/dist-packages/django/db/backends/sqlite3/base.py", line 357, in execute
    return Database.Cursor.execute(self, query, params)
sqlite3.OperationalError: attempt to write a readonly database

The above exception was the direct cause of the following exception:

Traceback (most recent call last):
  File "/usr/local/lib/python3.8/dist-packages/django/core/handlers/exception.py", line 56, in inner
    response = get_response(request)
  File "/usr/local/lib/python3.8/dist-packages/django/core/handlers/base.py", line 197, in _get_response
    response = wrapped_callback(request, *callback_args, **callback_kwargs)
  File "/usr/local/lib/python3.8/dist-packages/django/views/generic/base.py", line 103, in view
    return self.dispatch(request, *args, **kwargs)
  File "/usr/local/lib/python3.8/dist-packages/django/utils/decorators.py", line 46, in _wrapper
    return bound_method(*args, **kwargs)
  File "/usr/local/lib/python3.8/dist-packages/django/views/decorators/debug.py", line 92, in sensitive_post_parameters_wrapper
    return view(request, *args, **kwargs)
  File "/usr/local/lib/python3.8/dist-packages/allauth/account/views.py", line 149, in dispatch
    return super(LoginView, self).dispatch(request, *args, **kwargs)
  File "/usr/local/lib/python3.8/dist-packages/allauth/account/views.py", line 77, in dispatch
    response = super(RedirectAuthenticatedUserMixin, self).dispatch(
  File "/usr/local/lib/python3.8/dist-packages/django/views/generic/base.py", line 142, in dispatch
    return handler(request, *args, **kwargs)
  File "/usr/local/lib/python3.8/dist-packages/allauth/account/views.py", line 105, in post
    response = self.form_valid(form)
  File "/usr/local/lib/python3.8/dist-packages/allauth/account/views.py", line 162, in form_valid
    return form.login(self.request, redirect_url=success_url)
  File "/usr/local/lib/python3.8/dist-packages/allauth/account/forms.py", line 196, in login
    ret = perform_login(
  File "/usr/local/lib/python3.8/dist-packages/allauth/account/utils.py", line 171, in perform_login
    adapter.login(request, user)
  File "/usr/local/lib/python3.8/dist-packages/allauth/account/adapter.py", line 467, in login
    django_login(request, user)
  File "/usr/local/lib/python3.8/dist-packages/django/contrib/auth/__init__.py", line 118, in login
    request.session.cycle_key()
  File "/usr/local/lib/python3.8/dist-packages/django/contrib/sessions/backends/base.py", line 304, in cycle_key
    self.create()
  File "/usr/local/lib/python3.8/dist-packages/django/contrib/sessions/backends/db.py", line 54, in create
    self.save(must_create=True)
  File "/usr/local/lib/python3.8/dist-packages/django/contrib/sessions/backends/db.py", line 86, in save
    obj.save(
  File "/usr/local/lib/python3.8/dist-packages/django/db/models/base.py", line 812, in save
    self.save_base(
  File "/usr/local/lib/python3.8/dist-packages/django/db/models/base.py", line 863, in save_base
    updated = self._save_table(
  File "/usr/local/lib/python3.8/dist-packages/django/db/models/base.py", line 1006, in _save_table
    results = self._do_insert(
  File "/usr/local/lib/python3.8/dist-packages/django/db/models/base.py", line 1047, in _do_insert
    return manager._insert(
  File "/usr/local/lib/python3.8/dist-packages/django/db/models/manager.py", line 85, in manager_method
    return getattr(self.get_queryset(), name)(*args, **kwargs)
  File "/usr/local/lib/python3.8/dist-packages/django/db/models/query.py", line 1791, in _insert
    return query.get_compiler(using=using).execute_sql(returning_fields)
  File "/usr/local/lib/python3.8/dist-packages/django/db/models/sql/compiler.py", line 1660, in execute_sql
    cursor.execute(sql, params)
  File "/usr/local/lib/python3.8/dist-packages/django/db/backends/utils.py", line 102, in execute
    return super().execute(sql, params)
  File "/usr/local/lib/python3.8/dist-packages/django/db/backends/utils.py", line 67, in execute
    return self._execute_with_wrappers(
  File "/usr/local/lib/python3.8/dist-packages/django/db/backends/utils.py", line 80, in _execute_with_wrappers
    return executor(sql, params, many, context)
  File "/usr/local/lib/python3.8/dist-packages/django/db/backends/utils.py", line 89, in _execute
    return self.cursor.execute(sql, params)
  File "/usr/local/lib/python3.8/dist-packages/django/db/utils.py", line 91, in __exit__
    raise dj_exc_value.with_traceback(traceback) from exc_value
  File "/usr/local/lib/python3.8/dist-packages/django/db/backends/utils.py", line 89, in _execute
    return self.cursor.execute(sql, params)
  File "/usr/local/lib/python3.8/dist-packages/django/db/backends/sqlite3/base.py", line 357, in execute
    return Database.Cursor.execute(self, query, params)
django.db.utils.OperationalError: attempt to write a readonly database
[pid: 1970422|app: 0|req: 12/12] 1.121.138.128 () {68 vars in 1410 bytes} [Mon Oct 16 11:49:21 2023] POST /login/ => generated 203997 bytes in 831 msecs (HTTP/1.1 500) 7 headers in 243 bytes (1 switches on core 0)
Not Found: /favicon.ico
[pid: 1970422|app: 0|req: 13/13] 1.121.138.128 () {56 vars in 1076 bytes} [Mon Oct 16 11:49:22 2023] GET /favicon.ico => generated 7841 bytes in 23 msecs (HTTP/1.1 404) 6 headers in 215 bytes (1 switches on core 0)
Internal Server Error: /login/
Traceback (most recent call last):
  File "/usr/local/lib/python3.8/dist-packages/django/db/backends/utils.py", line 89, in _execute
    return self.cursor.execute(sql, params)
  File "/usr/local/lib/python3.8/dist-packages/django/db/backends/sqlite3/base.py", line 357, in execute
    return Database.Cursor.execute(self, query, params)
sqlite3.OperationalError: attempt to write a readonly database

The above exception was the direct cause of the following exception:

Traceback (most recent call last):
  File "/usr/local/lib/python3.8/dist-packages/django/core/handlers/exception.py", line 56, in inner
    response = get_response(request)
  File "/usr/local/lib/python3.8/dist-packages/django/core/handlers/base.py", line 197, in _get_response
    response = wrapped_callback(request, *callback_args, **callback_kwargs)
  File "/usr/local/lib/python3.8/dist-packages/django/views/generic/base.py", line 103, in view
    return self.dispatch(request, *args, **kwargs)
  File "/usr/local/lib/python3.8/dist-packages/django/utils/decorators.py", line 46, in _wrapper
    return bound_method(*args, **kwargs)
  File "/usr/local/lib/python3.8/dist-packages/django/views/decorators/debug.py", line 92, in sensitive_post_parameters_wrapper
    return view(request, *args, **kwargs)
  File "/usr/local/lib/python3.8/dist-packages/allauth/account/views.py", line 149, in dispatch
    return super(LoginView, self).dispatch(request, *args, **kwargs)
  File "/usr/local/lib/python3.8/dist-packages/allauth/account/views.py", line 77, in dispatch
    response = super(RedirectAuthenticatedUserMixin, self).dispatch(
  File "/usr/local/lib/python3.8/dist-packages/django/views/generic/base.py", line 142, in dispatch
    return handler(request, *args, **kwargs)
  File "/usr/local/lib/python3.8/dist-packages/allauth/account/views.py", line 105, in post
    response = self.form_valid(form)
  File "/usr/local/lib/python3.8/dist-packages/allauth/account/views.py", line 162, in form_valid
    return form.login(self.request, redirect_url=success_url)
  File "/usr/local/lib/python3.8/dist-packages/allauth/account/forms.py", line 196, in login
    ret = perform_login(
  File "/usr/local/lib/python3.8/dist-packages/allauth/account/utils.py", line 171, in perform_login
    adapter.login(request, user)
  File "/usr/local/lib/python3.8/dist-packages/allauth/account/adapter.py", line 467, in login
    django_login(request, user)
  File "/usr/local/lib/python3.8/dist-packages/django/contrib/auth/__init__.py", line 118, in login
    request.session.cycle_key()
  File "/usr/local/lib/python3.8/dist-packages/django/contrib/sessions/backends/base.py", line 304, in cycle_key
    self.create()
  File "/usr/local/lib/python3.8/dist-packages/django/contrib/sessions/backends/db.py", line 54, in create
    self.save(must_create=True)
  File "/usr/local/lib/python3.8/dist-packages/django/contrib/sessions/backends/db.py", line 86, in save
    obj.save(
  File "/usr/local/lib/python3.8/dist-packages/django/db/models/base.py", line 812, in save
    self.save_base(
  File "/usr/local/lib/python3.8/dist-packages/django/db/models/base.py", line 863, in save_base
    updated = self._save_table(
  File "/usr/local/lib/python3.8/dist-packages/django/db/models/base.py", line 1006, in _save_table
    results = self._do_insert(
  File "/usr/local/lib/python3.8/dist-packages/django/db/models/base.py", line 1047, in _do_insert
    return manager._insert(
  File "/usr/local/lib/python3.8/dist-packages/django/db/models/manager.py", line 85, in manager_method
    return getattr(self.get_queryset(), name)(*args, **kwargs)
  File "/usr/local/lib/python3.8/dist-packages/django/db/models/query.py", line 1791, in _insert
    return query.get_compiler(using=using).execute_sql(returning_fields)
  File "/usr/local/lib/python3.8/dist-packages/django/db/models/sql/compiler.py", line 1660, in execute_sql
    cursor.execute(sql, params)
  File "/usr/local/lib/python3.8/dist-packages/django/db/backends/utils.py", line 102, in execute
    return super().execute(sql, params)
  File "/usr/local/lib/python3.8/dist-packages/django/db/backends/utils.py", line 67, in execute
    return self._execute_with_wrappers(
  File "/usr/local/lib/python3.8/dist-packages/django/db/backends/utils.py", line 80, in _execute_with_wrappers
    return executor(sql, params, many, context)
  File "/usr/local/lib/python3.8/dist-packages/django/db/backends/utils.py", line 89, in _execute
    return self.cursor.execute(sql, params)
  File "/usr/local/lib/python3.8/dist-packages/django/db/utils.py", line 91, in __exit__
    raise dj_exc_value.with_traceback(traceback) from exc_value
  File "/usr/local/lib/python3.8/dist-packages/django/db/backends/utils.py", line 89, in _execute
    return self.cursor.execute(sql, params)
  File "/usr/local/lib/python3.8/dist-packages/django/db/backends/sqlite3/base.py", line 357, in execute
    return Database.Cursor.execute(self, query, params)
django.db.utils.OperationalError: attempt to write a readonly database
[pid: 1970422|app: 0|req: 14/14] 1.121.138.128 () {68 vars in 1410 bytes} [Mon Oct 16 11:52:27 2023] POST /login/ => generated 203997 bytes in 801 msecs (HTTP/1.1 500) 7 headers in 243 bytes (1 switches on core 0)
[pid: 1970422|app: 0|req: 15/15] 1.121.138.128 () {58 vars in 1113 bytes} [Mon Oct 16 11:52:34 2023] GET / => generated 31085 bytes in 31 msecs (HTTP/1.1 200) 8 headers in 359 bytes (1 switches on core 0)
[pid: 1970422|app: 0|req: 16/16] 1.121.138.128 () {58 vars in 1127 bytes} [Mon Oct 16 11:52:34 2023] GET /livingarchive/static/css/styles.css => generated 0 bytes in 4 msecs (HTTP/1.1 304) 5 headers in 175 bytes (0 switches on core 0)
[pid: 1970422|app: 0|req: 17/17] 1.121.138.128 () {58 vars in 1133 bytes} [Mon Oct 16 11:52:34 2023] GET /livingarchive/static/css/home_page.css => generated 0 bytes in 1 msecs (HTTP/1.1 304) 5 headers in 175 bytes (0 switches on core 0)
[pid: 1970422|app: 0|req: 18/18] 1.121.138.128 () {58 vars in 1228 bytes} [Mon Oct 16 11:52:34 2023] GET /livingarchive/static/assets/img/header-bg.jpg => generated 0 bytes in 1 msecs (HTTP/1.1 304) 5 headers in 175 bytes (0 switches on core 0)
[pid: 1970422|app: 0|req: 19/19] 1.121.138.128 () {58 vars in 1111 bytes} [Mon Oct 16 11:52:34 2023] GET /livingarchive/static/js/scripts.js => generated 0 bytes in 1 msecs (HTTP/1.1 304) 5 headers in 175 bytes (0 switches on core 0)
[pid: 1970422|app: 0|req: 20/20] 1.121.138.128 () {58 vars in 1187 bytes} [Mon Oct 16 11:52:34 2023] GET /livingarchive/static/assets/img/team/3.jpg => generated 0 bytes in 1 msecs (HTTP/1.1 304) 5 headers in 175 bytes (0 switches on core 0)
[pid: 1970422|app: 0|req: 21/21] 1.121.138.128 () {58 vars in 1187 bytes} [Mon Oct 16 11:52:34 2023] GET /livingarchive/static/assets/img/team/1.jpg => generated 0 bytes in 1 msecs (HTTP/1.1 304) 5 headers in 175 bytes (0 switches on core 0)
[pid: 1970422|app: 0|req: 22/22] 1.121.138.128 () {58 vars in 1193 bytes} [Mon Oct 16 11:52:34 2023] GET /livingarchive/static/assets/img/logos/cdu.png => generated 0 bytes in 1 msecs (HTTP/1.1 304) 5 headers in 175 bytes (0 switches on core 0)
[pid: 1970422|app: 0|req: 23/23] 1.121.138.128 () {58 vars in 1228 bytes} [Mon Oct 16 11:52:34 2023] GET /livingarchive/static/assets/img/map-image.png => generated 0 bytes in 1 msecs (HTTP/1.1 304) 5 headers in 175 bytes (0 switches on core 0)
[pid: 1970422|app: 0|req: 24/24] 1.121.138.128 () {60 vars in 1195 bytes} [Mon Oct 16 11:57:39 2023] GET /login/ => generated 4873 bytes in 8 msecs (HTTP/1.1 200) 8 headers in 358 bytes (1 switches on core 0)
[pid: 1970422|app: 0|req: 25/25] 1.121.138.128 () {58 vars in 1133 bytes} [Mon Oct 16 11:57:40 2023] GET /livingarchive/static/css/styles.css => generated 0 bytes in 2 msecs (HTTP/1.1 304) 5 headers in 175 bytes (0 switches on core 0)
[pid: 1970422|app: 0|req: 26/26] 1.121.138.128 () {58 vars in 1117 bytes} [Mon Oct 16 11:57:40 2023] GET /livingarchive/static/js/scripts.js => generated 0 bytes in 1 msecs (HTTP/1.1 304) 5 headers in 175 bytes (0 switches on core 0)
SIGINT/SIGTERM received...killing workers...
!!! uWSGI process 1970422 got Segmentation Fault !!!
*** backtrace of 1970422 ***
uwsgi(uwsgi_backtrace+0x2e) [0x55d62f24cc9e]
uwsgi(uwsgi_segfault+0x27) [0x55d62f24d087]
/lib/x86_64-linux-gnu/libc.so.6(+0x43090) [0x7f7b9b252090]
/lib/x86_64-linux-gnu/libc.so.6(+0x46876) [0x7f7b9b255876]
/lib/x86_64-linux-gnu/libc.so.6(on_exit+0) [0x7f7b9b255a60]
uwsgi(+0x424a5) [0x55d62f1ff4a5]
uwsgi(end_me+0x2b) [0x55d62f249a5b]
/lib/x86_64-linux-gnu/libpthread.so.0(+0x14420) [0x7f7b9bf2b420]
/lib/x86_64-linux-gnu/libc.so.6(epoll_wait+0x5e) [0x7f7b9b32e46e]
uwsgi(event_queue_wait+0x39) [0x55d62f23fb19]
uwsgi(wsgi_req_accept+0x11a) [0x55d62f1fca1a]
uwsgi(simple_loop_run+0xb6) [0x55d62f248966]
uwsgi(simple_loop+0x14) [0x55d62f248754]
uwsgi(uwsgi_ignition+0x2a4) [0x55d62f24d3e4]
uwsgi(uwsgi_worker_run+0x276) [0x55d62f251b46]
uwsgi(uwsgi_run+0x454) [0x55d62f2520c4]
uwsgi(+0x3ee24) [0x55d62f1fbe24]
/lib/x86_64-linux-gnu/libc.so.6(__libc_start_main+0xf3) [0x7f7b9b233083]
uwsgi(_start+0x2e) [0x55d62f1fbe5e]
*** end of backtrace ***
worker 1 buried after 1 seconds
goodbye to uWSGI.
*** Starting uWSGI 2.0.20 (64bit) on [Mon Oct 16 11:57:55 2023] ***
compiled with version: 9.3.0 on 27 October 2021 13:42:40
os: Linux-5.4.0-136-generic #153-Ubuntu SMP Thu Nov 24 15:56:58 UTC 2022
nodename: studentlearn1
machine: x86_64
clock source: unix
pcre jit disabled
detected number of CPU cores: 4
current working directory: /var/www/html/LeafletLivingArchive
detected binary path: /usr/local/bin/uwsgi
setuid() to 8
chdir() to ./
your processes number limit is 31476
your memory page size is 4096 bytes
detected max file descriptor number: 1024
lock engine: pthread robust mutexes
thunder lock: disabled (you can enable it with --thunder-lock)
uwsgi socket 0 bound to TCP address 127.0.0.1:8002 fd 3
Python version: 3.8.10 (default, May 26 2023, 14:05:08)  [GCC 9.4.0]
*** Python threads support is disabled. You can enable it with --enable-threads ***
Python main interpreter initialized at 0x55bed5ae9ba0
your server socket listen backlog is limited to 100 connections
your mercy for graceful operations on workers is 60 seconds
mapped 145840 bytes (142 KB) for 1 cores
*** Operational MODE: single process ***
Traceback (most recent call last):
  File "/usr/local/lib/python3.8/dist-packages/django/core/handlers/wsgi.py", line 125, in __init__
    self.load_middleware()
  File "/usr/local/lib/python3.8/dist-packages/django/core/handlers/base.py", line 40, in load_middleware
    middleware = import_string(middleware_path)
  File "/usr/local/lib/python3.8/dist-packages/django/utils/module_loading.py", line 30, in import_string
    return cached_import(module_path, class_name)
  File "/usr/local/lib/python3.8/dist-packages/django/utils/module_loading.py", line 15, in cached_import
    module = import_module(module_path)
  File "/usr/lib/python3.8/importlib/__init__.py", line 127, in import_module
    return _bootstrap._gcd_import(name[level:], package, level)
  File "<frozen importlib._bootstrap>", line 1014, in _gcd_import
  File "<frozen importlib._bootstrap>", line 991, in _find_and_load
  File "<frozen importlib._bootstrap>", line 975, in _find_and_load_unlocked
  File "<frozen importlib._bootstrap>", line 671, in _load_unlocked
  File "<frozen importlib._bootstrap_external>", line 848, in exec_module
  File "<frozen importlib._bootstrap>", line 219, in _call_with_frames_removed
  File "/var/www/html/LeafletLivingArchive/./blog/middleware.py", line 3, in <module>
    from django.contrib.sessions.models import Session
  File "/usr/local/lib/python3.8/dist-packages/django/contrib/sessions/models.py", line 1, in <module>
    from django.contrib.sessions.base_session import AbstractBaseSession, BaseSessionManager
  File "/usr/local/lib/python3.8/dist-packages/django/contrib/sessions/base_session.py", line 26, in <module>
    class AbstractBaseSession(models.Model):
  File "/usr/local/lib/python3.8/dist-packages/django/db/models/base.py", line 127, in __new__
    app_config = apps.get_containing_app_config(module)
  File "/usr/local/lib/python3.8/dist-packages/django/apps/registry.py", line 260, in get_containing_app_config
    self.check_apps_ready()
  File "/usr/local/lib/python3.8/dist-packages/django/apps/registry.py", line 138, in check_apps_ready
    raise AppRegistryNotReady("Apps aren't loaded yet.")
django.core.exceptions.AppRegistryNotReady: Apps aren't loaded yet.
unable to load app 0 (mountpoint='') (callable not found or import error)
/usr/lib/python3.8/importlib/__init__.py:127: RemovedInWagtail50Warning: Importing from wagtail.core.apps is deprecated. Use wagtail.apps instead. See https://docs.wagtail.org/en/stable/releases/3.0.html#changes-to-module-paths
  return _bootstrap._gcd_import(name[level:], package, level)
/var/www/html/LeafletLivingArchive/./blog/models.py:6: RemovedInWagtail50Warning: Importing from wagtail.admin.edit_handlers is deprecated. Use wagtail.admin.panels instead. See https://docs.wagtail.org/en/stable/releases/3.0.html#changes-to-module-paths
  from wagtail.admin.edit_handlers import FieldPanel, StreamFieldPanel
/var/www/html/LeafletLivingArchive/./blog/models.py:7: RemovedInWagtail50Warning: Importing from wagtail.core.blocks is deprecated. Use wagtail.blocks instead. See https://docs.wagtail.org/en/stable/releases/3.0.html#changes-to-module-paths
  from wagtail.core.blocks import StructBlock, CharBlock
/var/www/html/LeafletLivingArchive/./blog/models.py:8: RemovedInWagtail50Warning: Importing from wagtail.core.fields is deprecated. Use wagtail.fields instead. See https://docs.wagtail.org/en/stable/releases/3.0.html#changes-to-module-paths
  from wagtail.core.fields import RichTextField
/usr/local/lib/python3.8/dist-packages/wagtail/core/models/__init__.py:46: RemovedInWagtail50Warning: Importing from wagtail.core.models.audit_log is deprecated. Use wagtail.models.audit_log instead. See https://docs.wagtail.org/en/stable/releases/3.0.html#changes-to-module-paths
  from .audit_log import (  # noqa
/usr/local/lib/python3.8/dist-packages/wagtail/core/models/__init__.py:52: RemovedInWagtail50Warning: Importing from wagtail.core.models.collections is deprecated. Use wagtail.models.collections instead. See https://docs.wagtail.org/en/stable/releases/3.0.html#changes-to-module-paths
  from .collections import (  # noqa
/usr/local/lib/python3.8/dist-packages/wagtail/core/models/__init__.py:62: RemovedInWagtail50Warning: Importing from wagtail.core.models.copying is deprecated. Use wagtail.models.copying instead. See https://docs.wagtail.org/en/stable/releases/3.0.html#changes-to-module-paths
  from .copying import _copy, _copy_m2m_relations, _extract_field_data  # noqa
/usr/local/lib/python3.8/dist-packages/wagtail/core/models/__init__.py:63: RemovedInWagtail50Warning: Importing from wagtail.core.models.i18n is deprecated. Use wagtail.models.i18n instead. See https://docs.wagtail.org/en/stable/releases/3.0.html#changes-to-module-paths
  from .i18n import (  # noqa
/usr/local/lib/python3.8/dist-packages/wagtail/core/models/__init__.py:72: RemovedInWagtail50Warning: Importing from wagtail.core.models.sites is deprecated. Use wagtail.models.sites instead. See https://docs.wagtail.org/en/stable/releases/3.0.html#changes-to-module-paths
  from .sites import Site, SiteManager, SiteRootPath  # noqa
/var/www/html/LeafletLivingArchive/./blog/models.py:12: RemovedInWagtail50Warning: Importing from wagtail.core.models is deprecated. Use wagtail.models instead. See https://docs.wagtail.org/en/stable/releases/3.0.html#changes-to-module-paths
  from wagtail.core.models import Page
/var/www/html/LeafletLivingArchive/./blog/models.py:94: RemovedInWagtail50Warning: ImageChooserPanel is no longer required for image choosers, and should be replaced by FieldPanel. ImageChooserPanel will be removed in a future release. See https://docs.wagtail.org/en/stable/releases/3.0.html#removal-of-special-purpose-field-panel-types
  ImageChooserPanel("image"),
/var/www/html/LeafletLivingArchive/./blog/models.py:98: RemovedInWagtail50Warning: StreamFieldPanel is no longer required when using StreamField, and should be replaced by FieldPanel. StreamFieldPanel will be removed in a future release. See https://docs.wagtail.org/en/stable/releases/3.0.html#removal-of-special-purpose-field-panel-types
  StreamFieldPanel("links"),
/usr/local/lib/python3.8/dist-packages/django/db/models/base.py:369: RemovedInWagtail50Warning: StreamField must explicitly set use_json_field argument to True/False instead of None.
  value.contribute_to_class(cls, name)
WSGI app 0 (mountpoint='') ready in 1 seconds on interpreter 0x55bed5ae9ba0 pid: 1970623 (default app)
*** uWSGI is running in multiple interpreter mode ***
spawned uWSGI master process (pid: 1970623)
spawned uWSGI worker 1 (pid: 1970626, cores: 1)
Internal Server Error: /login/
Traceback (most recent call last):
  File "/usr/local/lib/python3.8/dist-packages/django/db/backends/utils.py", line 89, in _execute
    return self.cursor.execute(sql, params)
  File "/usr/local/lib/python3.8/dist-packages/django/db/backends/sqlite3/base.py", line 357, in execute
    return Database.Cursor.execute(self, query, params)
sqlite3.OperationalError: attempt to write a readonly database

The above exception was the direct cause of the following exception:

Traceback (most recent call last):
  File "/usr/local/lib/python3.8/dist-packages/django/core/handlers/exception.py", line 56, in inner
    response = get_response(request)
  File "/usr/local/lib/python3.8/dist-packages/django/core/handlers/base.py", line 197, in _get_response
    response = wrapped_callback(request, *callback_args, **callback_kwargs)
  File "/usr/local/lib/python3.8/dist-packages/django/views/generic/base.py", line 103, in view
    return self.dispatch(request, *args, **kwargs)
  File "/usr/local/lib/python3.8/dist-packages/django/utils/decorators.py", line 46, in _wrapper
    return bound_method(*args, **kwargs)
  File "/usr/local/lib/python3.8/dist-packages/django/views/decorators/debug.py", line 92, in sensitive_post_parameters_wrapper
    return view(request, *args, **kwargs)
  File "/usr/local/lib/python3.8/dist-packages/allauth/account/views.py", line 149, in dispatch
    return super(LoginView, self).dispatch(request, *args, **kwargs)
  File "/usr/local/lib/python3.8/dist-packages/allauth/account/views.py", line 77, in dispatch
    response = super(RedirectAuthenticatedUserMixin, self).dispatch(
  File "/usr/local/lib/python3.8/dist-packages/django/views/generic/base.py", line 142, in dispatch
    return handler(request, *args, **kwargs)
  File "/usr/local/lib/python3.8/dist-packages/allauth/account/views.py", line 105, in post
    response = self.form_valid(form)
  File "/usr/local/lib/python3.8/dist-packages/allauth/account/views.py", line 162, in form_valid
    return form.login(self.request, redirect_url=success_url)
  File "/usr/local/lib/python3.8/dist-packages/allauth/account/forms.py", line 196, in login
    ret = perform_login(
  File "/usr/local/lib/python3.8/dist-packages/allauth/account/utils.py", line 171, in perform_login
    adapter.login(request, user)
  File "/usr/local/lib/python3.8/dist-packages/allauth/account/adapter.py", line 467, in login
    django_login(request, user)
  File "/usr/local/lib/python3.8/dist-packages/django/contrib/auth/__init__.py", line 118, in login
    request.session.cycle_key()
  File "/usr/local/lib/python3.8/dist-packages/django/contrib/sessions/backends/base.py", line 304, in cycle_key
    self.create()
  File "/usr/local/lib/python3.8/dist-packages/django/contrib/sessions/backends/db.py", line 54, in create
    self.save(must_create=True)
  File "/usr/local/lib/python3.8/dist-packages/django/contrib/sessions/backends/db.py", line 86, in save
    obj.save(
  File "/usr/local/lib/python3.8/dist-packages/django/db/models/base.py", line 812, in save
    self.save_base(
  File "/usr/local/lib/python3.8/dist-packages/django/db/models/base.py", line 863, in save_base
    updated = self._save_table(
  File "/usr/local/lib/python3.8/dist-packages/django/db/models/base.py", line 1006, in _save_table
    results = self._do_insert(
  File "/usr/local/lib/python3.8/dist-packages/django/db/models/base.py", line 1047, in _do_insert
    return manager._insert(
  File "/usr/local/lib/python3.8/dist-packages/django/db/models/manager.py", line 85, in manager_method
    return getattr(self.get_queryset(), name)(*args, **kwargs)
  File "/usr/local/lib/python3.8/dist-packages/django/db/models/query.py", line 1791, in _insert
    return query.get_compiler(using=using).execute_sql(returning_fields)
  File "/usr/local/lib/python3.8/dist-packages/django/db/models/sql/compiler.py", line 1660, in execute_sql
    cursor.execute(sql, params)
  File "/usr/local/lib/python3.8/dist-packages/django/db/backends/utils.py", line 102, in execute
    return super().execute(sql, params)
  File "/usr/local/lib/python3.8/dist-packages/django/db/backends/utils.py", line 67, in execute
    return self._execute_with_wrappers(
  File "/usr/local/lib/python3.8/dist-packages/django/db/backends/utils.py", line 80, in _execute_with_wrappers
    return executor(sql, params, many, context)
  File "/usr/local/lib/python3.8/dist-packages/django/db/backends/utils.py", line 89, in _execute
    return self.cursor.execute(sql, params)
  File "/usr/local/lib/python3.8/dist-packages/django/db/utils.py", line 91, in __exit__
    raise dj_exc_value.with_traceback(traceback) from exc_value
  File "/usr/local/lib/python3.8/dist-packages/django/db/backends/utils.py", line 89, in _execute
    return self.cursor.execute(sql, params)
  File "/usr/local/lib/python3.8/dist-packages/django/db/backends/sqlite3/base.py", line 357, in execute
    return Database.Cursor.execute(self, query, params)
django.db.utils.OperationalError: attempt to write a readonly database
[pid: 1970626|app: 0|req: 1/1] 1.121.138.128 () {68 vars in 1410 bytes} [Mon Oct 16 11:58:04 2023] POST /login/ => generated 203997 bytes in 1699 msecs (HTTP/1.1 500) 7 headers in 243 bytes (1 switches on core 0)
SIGINT/SIGTERM received...killing workers...
!!! uWSGI process 1970626 got Segmentation Fault !!!
*** backtrace of 1970626 ***
uwsgi(uwsgi_backtrace+0x2e) [0x55bed58f1c9e]
uwsgi(uwsgi_segfault+0x27) [0x55bed58f2087]
/lib/x86_64-linux-gnu/libc.so.6(+0x43090) [0x7fa624714090]
/lib/x86_64-linux-gnu/libc.so.6(+0x46876) [0x7fa624717876]
/lib/x86_64-linux-gnu/libc.so.6(on_exit+0) [0x7fa624717a60]
uwsgi(+0x424a5) [0x55bed58a44a5]
uwsgi(end_me+0x2b) [0x55bed58eea5b]
/lib/x86_64-linux-gnu/libpthread.so.0(+0x14420) [0x7fa6253ed420]
/lib/x86_64-linux-gnu/libc.so.6(epoll_wait+0x5e) [0x7fa6247f046e]
uwsgi(event_queue_wait+0x39) [0x55bed58e4b19]
uwsgi(wsgi_req_accept+0x11a) [0x55bed58a1a1a]
uwsgi(simple_loop_run+0xb6) [0x55bed58ed966]
uwsgi(simple_loop+0x14) [0x55bed58ed754]
uwsgi(uwsgi_ignition+0x2a4) [0x55bed58f23e4]
uwsgi(uwsgi_worker_run+0x276) [0x55bed58f6b46]
uwsgi(uwsgi_run+0x454) [0x55bed58f70c4]
uwsgi(+0x3ee24) [0x55bed58a0e24]
/lib/x86_64-linux-gnu/libc.so.6(__libc_start_main+0xf3) [0x7fa6246f5083]
uwsgi(_start+0x2e) [0x55bed58a0e5e]
*** end of backtrace ***
worker 1 buried after 1 seconds
goodbye to uWSGI.
*** Starting uWSGI 2.0.20 (64bit) on [Mon Oct 16 11:58:53 2023] ***
compiled with version: 9.3.0 on 27 October 2021 13:42:40
os: Linux-5.4.0-136-generic #153-Ubuntu SMP Thu Nov 24 15:56:58 UTC 2022
nodename: studentlearn1
machine: x86_64
clock source: unix
pcre jit disabled
detected number of CPU cores: 4
current working directory: /var/www/html/LeafletLivingArchive
detected binary path: /usr/local/bin/uwsgi
setuid() to 8
chdir() to ./
your processes number limit is 31476
your memory page size is 4096 bytes
detected max file descriptor number: 1024
lock engine: pthread robust mutexes
thunder lock: disabled (you can enable it with --thunder-lock)
uwsgi socket 0 bound to TCP address 127.0.0.1:8002 fd 3
Python version: 3.8.10 (default, May 26 2023, 14:05:08)  [GCC 9.4.0]
*** Python threads support is disabled. You can enable it with --enable-threads ***
Python main interpreter initialized at 0x55bb2780cba0
your server socket listen backlog is limited to 100 connections
your mercy for graceful operations on workers is 60 seconds
mapped 145840 bytes (142 KB) for 1 cores
*** Operational MODE: single process ***
Traceback (most recent call last):
  File "/usr/local/lib/python3.8/dist-packages/django/core/handlers/wsgi.py", line 125, in __init__
    self.load_middleware()
  File "/usr/local/lib/python3.8/dist-packages/django/core/handlers/base.py", line 40, in load_middleware
    middleware = import_string(middleware_path)
  File "/usr/local/lib/python3.8/dist-packages/django/utils/module_loading.py", line 30, in import_string
    return cached_import(module_path, class_name)
  File "/usr/local/lib/python3.8/dist-packages/django/utils/module_loading.py", line 15, in cached_import
    module = import_module(module_path)
  File "/usr/lib/python3.8/importlib/__init__.py", line 127, in import_module
    return _bootstrap._gcd_import(name[level:], package, level)
  File "<frozen importlib._bootstrap>", line 1014, in _gcd_import
  File "<frozen importlib._bootstrap>", line 991, in _find_and_load
  File "<frozen importlib._bootstrap>", line 975, in _find_and_load_unlocked
  File "<frozen importlib._bootstrap>", line 671, in _load_unlocked
  File "<frozen importlib._bootstrap_external>", line 848, in exec_module
  File "<frozen importlib._bootstrap>", line 219, in _call_with_frames_removed
  File "/var/www/html/LeafletLivingArchive/./blog/middleware.py", line 3, in <module>
    from django.contrib.sessions.models import Session
  File "/usr/local/lib/python3.8/dist-packages/django/contrib/sessions/models.py", line 1, in <module>
    from django.contrib.sessions.base_session import AbstractBaseSession, BaseSessionManager
  File "/usr/local/lib/python3.8/dist-packages/django/contrib/sessions/base_session.py", line 26, in <module>
    class AbstractBaseSession(models.Model):
  File "/usr/local/lib/python3.8/dist-packages/django/db/models/base.py", line 127, in __new__
    app_config = apps.get_containing_app_config(module)
  File "/usr/local/lib/python3.8/dist-packages/django/apps/registry.py", line 260, in get_containing_app_config
    self.check_apps_ready()
  File "/usr/local/lib/python3.8/dist-packages/django/apps/registry.py", line 138, in check_apps_ready
    raise AppRegistryNotReady("Apps aren't loaded yet.")
django.core.exceptions.AppRegistryNotReady: Apps aren't loaded yet.
unable to load app 0 (mountpoint='') (callable not found or import error)
/usr/lib/python3.8/importlib/__init__.py:127: RemovedInWagtail50Warning: Importing from wagtail.core.apps is deprecated. Use wagtail.apps instead. See https://docs.wagtail.org/en/stable/releases/3.0.html#changes-to-module-paths
  return _bootstrap._gcd_import(name[level:], package, level)
/var/www/html/LeafletLivingArchive/./blog/models.py:6: RemovedInWagtail50Warning: Importing from wagtail.admin.edit_handlers is deprecated. Use wagtail.admin.panels instead. See https://docs.wagtail.org/en/stable/releases/3.0.html#changes-to-module-paths
  from wagtail.admin.edit_handlers import FieldPanel, StreamFieldPanel
/var/www/html/LeafletLivingArchive/./blog/models.py:7: RemovedInWagtail50Warning: Importing from wagtail.core.blocks is deprecated. Use wagtail.blocks instead. See https://docs.wagtail.org/en/stable/releases/3.0.html#changes-to-module-paths
  from wagtail.core.blocks import StructBlock, CharBlock
/var/www/html/LeafletLivingArchive/./blog/models.py:8: RemovedInWagtail50Warning: Importing from wagtail.core.fields is deprecated. Use wagtail.fields instead. See https://docs.wagtail.org/en/stable/releases/3.0.html#changes-to-module-paths
  from wagtail.core.fields import RichTextField
/usr/local/lib/python3.8/dist-packages/wagtail/core/models/__init__.py:46: RemovedInWagtail50Warning: Importing from wagtail.core.models.audit_log is deprecated. Use wagtail.models.audit_log instead. See https://docs.wagtail.org/en/stable/releases/3.0.html#changes-to-module-paths
  from .audit_log import (  # noqa
/usr/local/lib/python3.8/dist-packages/wagtail/core/models/__init__.py:52: RemovedInWagtail50Warning: Importing from wagtail.core.models.collections is deprecated. Use wagtail.models.collections instead. See https://docs.wagtail.org/en/stable/releases/3.0.html#changes-to-module-paths
  from .collections import (  # noqa
/usr/local/lib/python3.8/dist-packages/wagtail/core/models/__init__.py:62: RemovedInWagtail50Warning: Importing from wagtail.core.models.copying is deprecated. Use wagtail.models.copying instead. See https://docs.wagtail.org/en/stable/releases/3.0.html#changes-to-module-paths
  from .copying import _copy, _copy_m2m_relations, _extract_field_data  # noqa
/usr/local/lib/python3.8/dist-packages/wagtail/core/models/__init__.py:63: RemovedInWagtail50Warning: Importing from wagtail.core.models.i18n is deprecated. Use wagtail.models.i18n instead. See https://docs.wagtail.org/en/stable/releases/3.0.html#changes-to-module-paths
  from .i18n import (  # noqa
/usr/local/lib/python3.8/dist-packages/wagtail/core/models/__init__.py:72: RemovedInWagtail50Warning: Importing from wagtail.core.models.sites is deprecated. Use wagtail.models.sites instead. See https://docs.wagtail.org/en/stable/releases/3.0.html#changes-to-module-paths
  from .sites import Site, SiteManager, SiteRootPath  # noqa
/var/www/html/LeafletLivingArchive/./blog/models.py:12: RemovedInWagtail50Warning: Importing from wagtail.core.models is deprecated. Use wagtail.models instead. See https://docs.wagtail.org/en/stable/releases/3.0.html#changes-to-module-paths
  from wagtail.core.models import Page
/var/www/html/LeafletLivingArchive/./blog/models.py:94: RemovedInWagtail50Warning: ImageChooserPanel is no longer required for image choosers, and should be replaced by FieldPanel. ImageChooserPanel will be removed in a future release. See https://docs.wagtail.org/en/stable/releases/3.0.html#removal-of-special-purpose-field-panel-types
  ImageChooserPanel("image"),
/var/www/html/LeafletLivingArchive/./blog/models.py:98: RemovedInWagtail50Warning: StreamFieldPanel is no longer required when using StreamField, and should be replaced by FieldPanel. StreamFieldPanel will be removed in a future release. See https://docs.wagtail.org/en/stable/releases/3.0.html#removal-of-special-purpose-field-panel-types
  StreamFieldPanel("links"),
/usr/local/lib/python3.8/dist-packages/django/db/models/base.py:369: RemovedInWagtail50Warning: StreamField must explicitly set use_json_field argument to True/False instead of None.
  value.contribute_to_class(cls, name)
WSGI app 0 (mountpoint='') ready in 0 seconds on interpreter 0x55bb2780cba0 pid: 1970633 (default app)
*** uWSGI is running in multiple interpreter mode ***
spawned uWSGI master process (pid: 1970633)
spawned uWSGI worker 1 (pid: 1970635, cores: 1)
Internal Server Error: /login/
Traceback (most recent call last):
  File "/usr/local/lib/python3.8/dist-packages/django/db/backends/utils.py", line 89, in _execute
    return self.cursor.execute(sql, params)
  File "/usr/local/lib/python3.8/dist-packages/django/db/backends/sqlite3/base.py", line 357, in execute
    return Database.Cursor.execute(self, query, params)
sqlite3.OperationalError: attempt to write a readonly database

The above exception was the direct cause of the following exception:

Traceback (most recent call last):
  File "/usr/local/lib/python3.8/dist-packages/django/core/handlers/exception.py", line 56, in inner
    response = get_response(request)
  File "/usr/local/lib/python3.8/dist-packages/django/core/handlers/base.py", line 197, in _get_response
    response = wrapped_callback(request, *callback_args, **callback_kwargs)
  File "/usr/local/lib/python3.8/dist-packages/django/views/generic/base.py", line 103, in view
    return self.dispatch(request, *args, **kwargs)
  File "/usr/local/lib/python3.8/dist-packages/django/utils/decorators.py", line 46, in _wrapper
    return bound_method(*args, **kwargs)
  File "/usr/local/lib/python3.8/dist-packages/django/views/decorators/debug.py", line 92, in sensitive_post_parameters_wrapper
    return view(request, *args, **kwargs)
  File "/usr/local/lib/python3.8/dist-packages/allauth/account/views.py", line 149, in dispatch
    return super(LoginView, self).dispatch(request, *args, **kwargs)
  File "/usr/local/lib/python3.8/dist-packages/allauth/account/views.py", line 77, in dispatch
    response = super(RedirectAuthenticatedUserMixin, self).dispatch(
  File "/usr/local/lib/python3.8/dist-packages/django/views/generic/base.py", line 142, in dispatch
    return handler(request, *args, **kwargs)
  File "/usr/local/lib/python3.8/dist-packages/allauth/account/views.py", line 105, in post
    response = self.form_valid(form)
  File "/usr/local/lib/python3.8/dist-packages/allauth/account/views.py", line 162, in form_valid
    return form.login(self.request, redirect_url=success_url)
  File "/usr/local/lib/python3.8/dist-packages/allauth/account/forms.py", line 196, in login
    ret = perform_login(
  File "/usr/local/lib/python3.8/dist-packages/allauth/account/utils.py", line 171, in perform_login
    adapter.login(request, user)
  File "/usr/local/lib/python3.8/dist-packages/allauth/account/adapter.py", line 467, in login
    django_login(request, user)
  File "/usr/local/lib/python3.8/dist-packages/django/contrib/auth/__init__.py", line 118, in login
    request.session.cycle_key()
  File "/usr/local/lib/python3.8/dist-packages/django/contrib/sessions/backends/base.py", line 304, in cycle_key
    self.create()
  File "/usr/local/lib/python3.8/dist-packages/django/contrib/sessions/backends/db.py", line 54, in create
    self.save(must_create=True)
  File "/usr/local/lib/python3.8/dist-packages/django/contrib/sessions/backends/db.py", line 86, in save
    obj.save(
  File "/usr/local/lib/python3.8/dist-packages/django/db/models/base.py", line 812, in save
    self.save_base(
  File "/usr/local/lib/python3.8/dist-packages/django/db/models/base.py", line 863, in save_base
    updated = self._save_table(
  File "/usr/local/lib/python3.8/dist-packages/django/db/models/base.py", line 1006, in _save_table
    results = self._do_insert(
  File "/usr/local/lib/python3.8/dist-packages/django/db/models/base.py", line 1047, in _do_insert
    return manager._insert(
  File "/usr/local/lib/python3.8/dist-packages/django/db/models/manager.py", line 85, in manager_method
    return getattr(self.get_queryset(), name)(*args, **kwargs)
  File "/usr/local/lib/python3.8/dist-packages/django/db/models/query.py", line 1791, in _insert
    return query.get_compiler(using=using).execute_sql(returning_fields)
  File "/usr/local/lib/python3.8/dist-packages/django/db/models/sql/compiler.py", line 1660, in execute_sql
    cursor.execute(sql, params)
  File "/usr/local/lib/python3.8/dist-packages/django/db/backends/utils.py", line 102, in execute
    return super().execute(sql, params)
  File "/usr/local/lib/python3.8/dist-packages/django/db/backends/utils.py", line 67, in execute
    return self._execute_with_wrappers(
  File "/usr/local/lib/python3.8/dist-packages/django/db/backends/utils.py", line 80, in _execute_with_wrappers
    return executor(sql, params, many, context)
  File "/usr/local/lib/python3.8/dist-packages/django/db/backends/utils.py", line 89, in _execute
    return self.cursor.execute(sql, params)
  File "/usr/local/lib/python3.8/dist-packages/django/db/utils.py", line 91, in __exit__
    raise dj_exc_value.with_traceback(traceback) from exc_value
  File "/usr/local/lib/python3.8/dist-packages/django/db/backends/utils.py", line 89, in _execute
    return self.cursor.execute(sql, params)
  File "/usr/local/lib/python3.8/dist-packages/django/db/backends/sqlite3/base.py", line 357, in execute
    return Database.Cursor.execute(self, query, params)
django.db.utils.OperationalError: attempt to write a readonly database
[pid: 1970635|app: 0|req: 1/1] 1.121.138.128 () {68 vars in 1410 bytes} [Mon Oct 16 11:59:05 2023] POST /login/ => generated 203997 bytes in 1691 msecs (HTTP/1.1 500) 7 headers in 243 bytes (1 switches on core 0)
SIGINT/SIGTERM received...killing workers...
!!! uWSGI process 1970635 got Segmentation Fault !!!
*** backtrace of 1970635 ***
uwsgi(uwsgi_backtrace+0x2e) [0x55bb26becc9e]
uwsgi(uwsgi_segfault+0x27) [0x55bb26bed087]
/lib/x86_64-linux-gnu/libc.so.6(+0x43090) [0x7fdf2882e090]
/lib/x86_64-linux-gnu/libc.so.6(+0x46876) [0x7fdf28831876]
/lib/x86_64-linux-gnu/libc.so.6(on_exit+0) [0x7fdf28831a60]
uwsgi(+0x424a5) [0x55bb26b9f4a5]
uwsgi(end_me+0x2b) [0x55bb26be9a5b]
/lib/x86_64-linux-gnu/libpthread.so.0(+0x14420) [0x7fdf29507420]
/lib/x86_64-linux-gnu/libc.so.6(epoll_wait+0x5e) [0x7fdf2890a46e]
uwsgi(event_queue_wait+0x39) [0x55bb26bdfb19]
uwsgi(wsgi_req_accept+0x11a) [0x55bb26b9ca1a]
uwsgi(simple_loop_run+0xb6) [0x55bb26be8966]
uwsgi(simple_loop+0x14) [0x55bb26be8754]
uwsgi(uwsgi_ignition+0x2a4) [0x55bb26bed3e4]
uwsgi(uwsgi_worker_run+0x276) [0x55bb26bf1b46]
uwsgi(uwsgi_run+0x454) [0x55bb26bf20c4]
uwsgi(+0x3ee24) [0x55bb26b9be24]
/lib/x86_64-linux-gnu/libc.so.6(__libc_start_main+0xf3) [0x7fdf2880f083]
uwsgi(_start+0x2e) [0x55bb26b9be5e]
*** end of backtrace ***
worker 1 buried after 1 seconds
goodbye to uWSGI.
*** Starting uWSGI 2.0.20 (64bit) on [Mon Oct 16 11:59:26 2023] ***
compiled with version: 9.3.0 on 27 October 2021 13:42:40
os: Linux-5.4.0-136-generic #153-Ubuntu SMP Thu Nov 24 15:56:58 UTC 2022
nodename: studentlearn1
machine: x86_64
clock source: unix
pcre jit disabled
detected number of CPU cores: 4
current working directory: /var/www/html/LeafletLivingArchive
detected binary path: /usr/local/bin/uwsgi
setuid() to 8
chdir() to ./
your processes number limit is 31476
your memory page size is 4096 bytes
detected max file descriptor number: 1024
lock engine: pthread robust mutexes
thunder lock: disabled (you can enable it with --thunder-lock)
uwsgi socket 0 bound to TCP address 127.0.0.1:8002 fd 3
Python version: 3.8.10 (default, May 26 2023, 14:05:08)  [GCC 9.4.0]
*** Python threads support is disabled. You can enable it with --enable-threads ***
Python main interpreter initialized at 0x5637d1b96ba0
your server socket listen backlog is limited to 100 connections
your mercy for graceful operations on workers is 60 seconds
mapped 145840 bytes (142 KB) for 1 cores
*** Operational MODE: single process ***
Traceback (most recent call last):
  File "/usr/local/lib/python3.8/dist-packages/django/core/handlers/wsgi.py", line 125, in __init__
    self.load_middleware()
  File "/usr/local/lib/python3.8/dist-packages/django/core/handlers/base.py", line 40, in load_middleware
    middleware = import_string(middleware_path)
  File "/usr/local/lib/python3.8/dist-packages/django/utils/module_loading.py", line 30, in import_string
    return cached_import(module_path, class_name)
  File "/usr/local/lib/python3.8/dist-packages/django/utils/module_loading.py", line 15, in cached_import
    module = import_module(module_path)
  File "/usr/lib/python3.8/importlib/__init__.py", line 127, in import_module
    return _bootstrap._gcd_import(name[level:], package, level)
  File "<frozen importlib._bootstrap>", line 1014, in _gcd_import
  File "<frozen importlib._bootstrap>", line 991, in _find_and_load
  File "<frozen importlib._bootstrap>", line 975, in _find_and_load_unlocked
  File "<frozen importlib._bootstrap>", line 671, in _load_unlocked
  File "<frozen importlib._bootstrap_external>", line 848, in exec_module
  File "<frozen importlib._bootstrap>", line 219, in _call_with_frames_removed
  File "/var/www/html/LeafletLivingArchive/./blog/middleware.py", line 3, in <module>
    from django.contrib.sessions.models import Session
  File "/usr/local/lib/python3.8/dist-packages/django/contrib/sessions/models.py", line 1, in <module>
    from django.contrib.sessions.base_session import AbstractBaseSession, BaseSessionManager
  File "/usr/local/lib/python3.8/dist-packages/django/contrib/sessions/base_session.py", line 26, in <module>
    class AbstractBaseSession(models.Model):
  File "/usr/local/lib/python3.8/dist-packages/django/db/models/base.py", line 127, in __new__
    app_config = apps.get_containing_app_config(module)
  File "/usr/local/lib/python3.8/dist-packages/django/apps/registry.py", line 260, in get_containing_app_config
    self.check_apps_ready()
  File "/usr/local/lib/python3.8/dist-packages/django/apps/registry.py", line 138, in check_apps_ready
    raise AppRegistryNotReady("Apps aren't loaded yet.")
django.core.exceptions.AppRegistryNotReady: Apps aren't loaded yet.
unable to load app 0 (mountpoint='') (callable not found or import error)
/usr/lib/python3.8/importlib/__init__.py:127: RemovedInWagtail50Warning: Importing from wagtail.core.apps is deprecated. Use wagtail.apps instead. See https://docs.wagtail.org/en/stable/releases/3.0.html#changes-to-module-paths
  return _bootstrap._gcd_import(name[level:], package, level)
/var/www/html/LeafletLivingArchive/./blog/models.py:6: RemovedInWagtail50Warning: Importing from wagtail.admin.edit_handlers is deprecated. Use wagtail.admin.panels instead. See https://docs.wagtail.org/en/stable/releases/3.0.html#changes-to-module-paths
  from wagtail.admin.edit_handlers import FieldPanel, StreamFieldPanel
/var/www/html/LeafletLivingArchive/./blog/models.py:7: RemovedInWagtail50Warning: Importing from wagtail.core.blocks is deprecated. Use wagtail.blocks instead. See https://docs.wagtail.org/en/stable/releases/3.0.html#changes-to-module-paths
  from wagtail.core.blocks import StructBlock, CharBlock
/var/www/html/LeafletLivingArchive/./blog/models.py:8: RemovedInWagtail50Warning: Importing from wagtail.core.fields is deprecated. Use wagtail.fields instead. See https://docs.wagtail.org/en/stable/releases/3.0.html#changes-to-module-paths
  from wagtail.core.fields import RichTextField
/usr/local/lib/python3.8/dist-packages/wagtail/core/models/__init__.py:46: RemovedInWagtail50Warning: Importing from wagtail.core.models.audit_log is deprecated. Use wagtail.models.audit_log instead. See https://docs.wagtail.org/en/stable/releases/3.0.html#changes-to-module-paths
  from .audit_log import (  # noqa
/usr/local/lib/python3.8/dist-packages/wagtail/core/models/__init__.py:52: RemovedInWagtail50Warning: Importing from wagtail.core.models.collections is deprecated. Use wagtail.models.collections instead. See https://docs.wagtail.org/en/stable/releases/3.0.html#changes-to-module-paths
  from .collections import (  # noqa
/usr/local/lib/python3.8/dist-packages/wagtail/core/models/__init__.py:62: RemovedInWagtail50Warning: Importing from wagtail.core.models.copying is deprecated. Use wagtail.models.copying instead. See https://docs.wagtail.org/en/stable/releases/3.0.html#changes-to-module-paths
  from .copying import _copy, _copy_m2m_relations, _extract_field_data  # noqa
/usr/local/lib/python3.8/dist-packages/wagtail/core/models/__init__.py:63: RemovedInWagtail50Warning: Importing from wagtail.core.models.i18n is deprecated. Use wagtail.models.i18n instead. See https://docs.wagtail.org/en/stable/releases/3.0.html#changes-to-module-paths
  from .i18n import (  # noqa
/usr/local/lib/python3.8/dist-packages/wagtail/core/models/__init__.py:72: RemovedInWagtail50Warning: Importing from wagtail.core.models.sites is deprecated. Use wagtail.models.sites instead. See https://docs.wagtail.org/en/stable/releases/3.0.html#changes-to-module-paths
  from .sites import Site, SiteManager, SiteRootPath  # noqa
/var/www/html/LeafletLivingArchive/./blog/models.py:12: RemovedInWagtail50Warning: Importing from wagtail.core.models is deprecated. Use wagtail.models instead. See https://docs.wagtail.org/en/stable/releases/3.0.html#changes-to-module-paths
  from wagtail.core.models import Page
/var/www/html/LeafletLivingArchive/./blog/models.py:94: RemovedInWagtail50Warning: ImageChooserPanel is no longer required for image choosers, and should be replaced by FieldPanel. ImageChooserPanel will be removed in a future release. See https://docs.wagtail.org/en/stable/releases/3.0.html#removal-of-special-purpose-field-panel-types
  ImageChooserPanel("image"),
/var/www/html/LeafletLivingArchive/./blog/models.py:98: RemovedInWagtail50Warning: StreamFieldPanel is no longer required when using StreamField, and should be replaced by FieldPanel. StreamFieldPanel will be removed in a future release. See https://docs.wagtail.org/en/stable/releases/3.0.html#removal-of-special-purpose-field-panel-types
  StreamFieldPanel("links"),
/usr/local/lib/python3.8/dist-packages/django/db/models/base.py:369: RemovedInWagtail50Warning: StreamField must explicitly set use_json_field argument to True/False instead of None.
  value.contribute_to_class(cls, name)
WSGI app 0 (mountpoint='') ready in 1 seconds on interpreter 0x5637d1b96ba0 pid: 1970641 (default app)
*** uWSGI is running in multiple interpreter mode ***
spawned uWSGI master process (pid: 1970641)
spawned uWSGI worker 1 (pid: 1970643, cores: 1)
[pid: 1970643|app: 0|req: 1/1] 1.121.138.128 () {60 vars in 1144 bytes} [Mon Oct 16 11:59:39 2023] GET / => generated 31085 bytes in 1032 msecs (HTTP/1.1 200) 8 headers in 359 bytes (1 switches on core 0)
[pid: 1970643|app: 0|req: 2/2] 1.121.138.128 () {58 vars in 1133 bytes} [Mon Oct 16 11:59:40 2023] GET /livingarchive/static/css/home_page.css => generated 0 bytes in 4 msecs (HTTP/1.1 304) 5 headers in 175 bytes (0 switches on core 0)
[pid: 1970643|app: 0|req: 3/3] 1.121.138.128 () {58 vars in 1228 bytes} [Mon Oct 16 11:59:40 2023] GET /livingarchive/static/assets/img/header-bg.jpg => generated 0 bytes in 1 msecs (HTTP/1.1 304) 5 headers in 175 bytes (0 switches on core 0)
[pid: 1970643|app: 0|req: 4/4] 1.121.138.128 () {58 vars in 1187 bytes} [Mon Oct 16 11:59:41 2023] GET /livingarchive/static/assets/img/team/1.jpg => generated 0 bytes in 1 msecs (HTTP/1.1 304) 5 headers in 175 bytes (0 switches on core 0)
[pid: 1970643|app: 0|req: 5/5] 1.121.138.128 () {58 vars in 1187 bytes} [Mon Oct 16 11:59:41 2023] GET /livingarchive/static/assets/img/team/3.jpg => generated 0 bytes in 1 msecs (HTTP/1.1 304) 5 headers in 175 bytes (0 switches on core 0)
[pid: 1970643|app: 0|req: 6/6] 1.121.138.128 () {58 vars in 1193 bytes} [Mon Oct 16 11:59:41 2023] GET /livingarchive/static/assets/img/logos/cdu.png => generated 0 bytes in 1 msecs (HTTP/1.1 304) 5 headers in 175 bytes (0 switches on core 0)
[pid: 1970643|app: 0|req: 7/7] 1.121.138.128 () {58 vars in 1228 bytes} [Mon Oct 16 11:59:41 2023] GET /livingarchive/static/assets/img/map-image.png => generated 0 bytes in 1 msecs (HTTP/1.1 304) 5 headers in 175 bytes (0 switches on core 0)
[pid: 1970643|app: 0|req: 8/8] 1.121.138.128 () {58 vars in 1181 bytes} [Mon Oct 16 11:59:42 2023] GET /livingarchive/static/assets/favicon.ico => generated 0 bytes in 1 msecs (HTTP/1.1 304) 5 headers in 175 bytes (0 switches on core 0)
SIGINT/SIGTERM received...killing workers...
!!! uWSGI process 1970643 got Segmentation Fault !!!
*** backtrace of 1970643 ***
uwsgi(uwsgi_backtrace+0x2e) [0x5637d0630c9e]
uwsgi(uwsgi_segfault+0x27) [0x5637d0631087]
/lib/x86_64-linux-gnu/libc.so.6(+0x43090) [0x7f8382c84090]
/lib/x86_64-linux-gnu/libc.so.6(+0x46876) [0x7f8382c87876]
/lib/x86_64-linux-gnu/libc.so.6(on_exit+0) [0x7f8382c87a60]
uwsgi(+0x424a5) [0x5637d05e34a5]
uwsgi(end_me+0x2b) [0x5637d062da5b]
/lib/x86_64-linux-gnu/libpthread.so.0(+0x14420) [0x7f838395d420]
/lib/x86_64-linux-gnu/libc.so.6(epoll_wait+0x5e) [0x7f8382d6046e]
uwsgi(event_queue_wait+0x39) [0x5637d0623b19]
uwsgi(wsgi_req_accept+0x11a) [0x5637d05e0a1a]
uwsgi(simple_loop_run+0xb6) [0x5637d062c966]
uwsgi(simple_loop+0x14) [0x5637d062c754]
uwsgi(uwsgi_ignition+0x2a4) [0x5637d06313e4]
uwsgi(uwsgi_worker_run+0x276) [0x5637d0635b46]
uwsgi(uwsgi_run+0x454) [0x5637d06360c4]
uwsgi(+0x3ee24) [0x5637d05dfe24]
/lib/x86_64-linux-gnu/libc.so.6(__libc_start_main+0xf3) [0x7f8382c65083]
uwsgi(_start+0x2e) [0x5637d05dfe5e]
*** end of backtrace ***
worker 1 buried after 1 seconds
goodbye to uWSGI.
*** Starting uWSGI 2.0.20 (64bit) on [Mon Oct 16 12:00:01 2023] ***
compiled with version: 9.3.0 on 27 October 2021 13:42:40
os: Linux-5.4.0-136-generic #153-Ubuntu SMP Thu Nov 24 15:56:58 UTC 2022
nodename: studentlearn1
machine: x86_64
clock source: unix
pcre jit disabled
detected number of CPU cores: 4
current working directory: /var/www/html/LeafletLivingArchive
detected binary path: /usr/local/bin/uwsgi
setuid() to 8
chdir() to ./
your processes number limit is 31476
your memory page size is 4096 bytes
detected max file descriptor number: 1024
lock engine: pthread robust mutexes
thunder lock: disabled (you can enable it with --thunder-lock)
uwsgi socket 0 bound to TCP address 127.0.0.1:8002 fd 3
Python version: 3.8.10 (default, May 26 2023, 14:05:08)  [GCC 9.4.0]
*** Python threads support is disabled. You can enable it with --enable-threads ***
Python main interpreter initialized at 0x55dd9c8f7ba0
your server socket listen backlog is limited to 100 connections
your mercy for graceful operations on workers is 60 seconds
mapped 145840 bytes (142 KB) for 1 cores
*** Operational MODE: single process ***
Traceback (most recent call last):
  File "/usr/local/lib/python3.8/dist-packages/django/core/handlers/wsgi.py", line 125, in __init__
    self.load_middleware()
  File "/usr/local/lib/python3.8/dist-packages/django/core/handlers/base.py", line 40, in load_middleware
    middleware = import_string(middleware_path)
  File "/usr/local/lib/python3.8/dist-packages/django/utils/module_loading.py", line 30, in import_string
    return cached_import(module_path, class_name)
  File "/usr/local/lib/python3.8/dist-packages/django/utils/module_loading.py", line 15, in cached_import
    module = import_module(module_path)
  File "/usr/lib/python3.8/importlib/__init__.py", line 127, in import_module
    return _bootstrap._gcd_import(name[level:], package, level)
  File "<frozen importlib._bootstrap>", line 1014, in _gcd_import
  File "<frozen importlib._bootstrap>", line 991, in _find_and_load
  File "<frozen importlib._bootstrap>", line 975, in _find_and_load_unlocked
  File "<frozen importlib._bootstrap>", line 671, in _load_unlocked
  File "<frozen importlib._bootstrap_external>", line 848, in exec_module
  File "<frozen importlib._bootstrap>", line 219, in _call_with_frames_removed
  File "/var/www/html/LeafletLivingArchive/./blog/middleware.py", line 3, in <module>
    from django.contrib.sessions.models import Session
  File "/usr/local/lib/python3.8/dist-packages/django/contrib/sessions/models.py", line 1, in <module>
    from django.contrib.sessions.base_session import AbstractBaseSession, BaseSessionManager
  File "/usr/local/lib/python3.8/dist-packages/django/contrib/sessions/base_session.py", line 26, in <module>
    class AbstractBaseSession(models.Model):
  File "/usr/local/lib/python3.8/dist-packages/django/db/models/base.py", line 127, in __new__
    app_config = apps.get_containing_app_config(module)
  File "/usr/local/lib/python3.8/dist-packages/django/apps/registry.py", line 260, in get_containing_app_config
    self.check_apps_ready()
  File "/usr/local/lib/python3.8/dist-packages/django/apps/registry.py", line 138, in check_apps_ready
    raise AppRegistryNotReady("Apps aren't loaded yet.")
django.core.exceptions.AppRegistryNotReady: Apps aren't loaded yet.
unable to load app 0 (mountpoint='') (callable not found or import error)
/usr/lib/python3.8/importlib/__init__.py:127: RemovedInWagtail50Warning: Importing from wagtail.core.apps is deprecated. Use wagtail.apps instead. See https://docs.wagtail.org/en/stable/releases/3.0.html#changes-to-module-paths
  return _bootstrap._gcd_import(name[level:], package, level)
/var/www/html/LeafletLivingArchive/./blog/models.py:6: RemovedInWagtail50Warning: Importing from wagtail.admin.edit_handlers is deprecated. Use wagtail.admin.panels instead. See https://docs.wagtail.org/en/stable/releases/3.0.html#changes-to-module-paths
  from wagtail.admin.edit_handlers import FieldPanel, StreamFieldPanel
/var/www/html/LeafletLivingArchive/./blog/models.py:7: RemovedInWagtail50Warning: Importing from wagtail.core.blocks is deprecated. Use wagtail.blocks instead. See https://docs.wagtail.org/en/stable/releases/3.0.html#changes-to-module-paths
  from wagtail.core.blocks import StructBlock, CharBlock
/var/www/html/LeafletLivingArchive/./blog/models.py:8: RemovedInWagtail50Warning: Importing from wagtail.core.fields is deprecated. Use wagtail.fields instead. See https://docs.wagtail.org/en/stable/releases/3.0.html#changes-to-module-paths
  from wagtail.core.fields import RichTextField
/usr/local/lib/python3.8/dist-packages/wagtail/core/models/__init__.py:46: RemovedInWagtail50Warning: Importing from wagtail.core.models.audit_log is deprecated. Use wagtail.models.audit_log instead. See https://docs.wagtail.org/en/stable/releases/3.0.html#changes-to-module-paths
  from .audit_log import (  # noqa
/usr/local/lib/python3.8/dist-packages/wagtail/core/models/__init__.py:52: RemovedInWagtail50Warning: Importing from wagtail.core.models.collections is deprecated. Use wagtail.models.collections instead. See https://docs.wagtail.org/en/stable/releases/3.0.html#changes-to-module-paths
  from .collections import (  # noqa
/usr/local/lib/python3.8/dist-packages/wagtail/core/models/__init__.py:62: RemovedInWagtail50Warning: Importing from wagtail.core.models.copying is deprecated. Use wagtail.models.copying instead. See https://docs.wagtail.org/en/stable/releases/3.0.html#changes-to-module-paths
  from .copying import _copy, _copy_m2m_relations, _extract_field_data  # noqa
/usr/local/lib/python3.8/dist-packages/wagtail/core/models/__init__.py:63: RemovedInWagtail50Warning: Importing from wagtail.core.models.i18n is deprecated. Use wagtail.models.i18n instead. See https://docs.wagtail.org/en/stable/releases/3.0.html#changes-to-module-paths
  from .i18n import (  # noqa
/usr/local/lib/python3.8/dist-packages/wagtail/core/models/__init__.py:72: RemovedInWagtail50Warning: Importing from wagtail.core.models.sites is deprecated. Use wagtail.models.sites instead. See https://docs.wagtail.org/en/stable/releases/3.0.html#changes-to-module-paths
  from .sites import Site, SiteManager, SiteRootPath  # noqa
/var/www/html/LeafletLivingArchive/./blog/models.py:12: RemovedInWagtail50Warning: Importing from wagtail.core.models is deprecated. Use wagtail.models instead. See https://docs.wagtail.org/en/stable/releases/3.0.html#changes-to-module-paths
  from wagtail.core.models import Page
/var/www/html/LeafletLivingArchive/./blog/models.py:94: RemovedInWagtail50Warning: ImageChooserPanel is no longer required for image choosers, and should be replaced by FieldPanel. ImageChooserPanel will be removed in a future release. See https://docs.wagtail.org/en/stable/releases/3.0.html#removal-of-special-purpose-field-panel-types
  ImageChooserPanel("image"),
/var/www/html/LeafletLivingArchive/./blog/models.py:98: RemovedInWagtail50Warning: StreamFieldPanel is no longer required when using StreamField, and should be replaced by FieldPanel. StreamFieldPanel will be removed in a future release. See https://docs.wagtail.org/en/stable/releases/3.0.html#removal-of-special-purpose-field-panel-types
  StreamFieldPanel("links"),
/usr/local/lib/python3.8/dist-packages/django/db/models/base.py:369: RemovedInWagtail50Warning: StreamField must explicitly set use_json_field argument to True/False instead of None.
  value.contribute_to_class(cls, name)
WSGI app 0 (mountpoint='') ready in 1 seconds on interpreter 0x55dd9c8f7ba0 pid: 1970648 (default app)
*** uWSGI is running in multiple interpreter mode ***
spawned uWSGI master process (pid: 1970648)
spawned uWSGI worker 1 (pid: 1970653, cores: 1)
[pid: 1970653|app: 0|req: 1/1] 1.121.138.128 () {60 vars in 1195 bytes} [Mon Oct 16 12:00:03 2023] GET /login/ => generated 4873 bytes in 1034 msecs (HTTP/1.1 200) 8 headers in 358 bytes (1 switches on core 0)
Internal Server Error: /login/
Traceback (most recent call last):
  File "/usr/local/lib/python3.8/dist-packages/django/db/backends/utils.py", line 89, in _execute
    return self.cursor.execute(sql, params)
  File "/usr/local/lib/python3.8/dist-packages/django/db/backends/sqlite3/base.py", line 357, in execute
    return Database.Cursor.execute(self, query, params)
sqlite3.OperationalError: attempt to write a readonly database

The above exception was the direct cause of the following exception:

Traceback (most recent call last):
  File "/usr/local/lib/python3.8/dist-packages/django/core/handlers/exception.py", line 56, in inner
    response = get_response(request)
  File "/usr/local/lib/python3.8/dist-packages/django/core/handlers/base.py", line 197, in _get_response
    response = wrapped_callback(request, *callback_args, **callback_kwargs)
  File "/usr/local/lib/python3.8/dist-packages/django/views/generic/base.py", line 103, in view
    return self.dispatch(request, *args, **kwargs)
  File "/usr/local/lib/python3.8/dist-packages/django/utils/decorators.py", line 46, in _wrapper
    return bound_method(*args, **kwargs)
  File "/usr/local/lib/python3.8/dist-packages/django/views/decorators/debug.py", line 92, in sensitive_post_parameters_wrapper
    return view(request, *args, **kwargs)
  File "/usr/local/lib/python3.8/dist-packages/allauth/account/views.py", line 149, in dispatch
    return super(LoginView, self).dispatch(request, *args, **kwargs)
  File "/usr/local/lib/python3.8/dist-packages/allauth/account/views.py", line 77, in dispatch
    response = super(RedirectAuthenticatedUserMixin, self).dispatch(
  File "/usr/local/lib/python3.8/dist-packages/django/views/generic/base.py", line 142, in dispatch
    return handler(request, *args, **kwargs)
  File "/usr/local/lib/python3.8/dist-packages/allauth/account/views.py", line 105, in post
    response = self.form_valid(form)
  File "/usr/local/lib/python3.8/dist-packages/allauth/account/views.py", line 162, in form_valid
    return form.login(self.request, redirect_url=success_url)
  File "/usr/local/lib/python3.8/dist-packages/allauth/account/forms.py", line 196, in login
    ret = perform_login(
  File "/usr/local/lib/python3.8/dist-packages/allauth/account/utils.py", line 171, in perform_login
    adapter.login(request, user)
  File "/usr/local/lib/python3.8/dist-packages/allauth/account/adapter.py", line 467, in login
    django_login(request, user)
  File "/usr/local/lib/python3.8/dist-packages/django/contrib/auth/__init__.py", line 118, in login
    request.session.cycle_key()
  File "/usr/local/lib/python3.8/dist-packages/django/contrib/sessions/backends/base.py", line 304, in cycle_key
    self.create()
  File "/usr/local/lib/python3.8/dist-packages/django/contrib/sessions/backends/db.py", line 54, in create
    self.save(must_create=True)
  File "/usr/local/lib/python3.8/dist-packages/django/contrib/sessions/backends/db.py", line 86, in save
    obj.save(
  File "/usr/local/lib/python3.8/dist-packages/django/db/models/base.py", line 812, in save
    self.save_base(
  File "/usr/local/lib/python3.8/dist-packages/django/db/models/base.py", line 863, in save_base
    updated = self._save_table(
  File "/usr/local/lib/python3.8/dist-packages/django/db/models/base.py", line 1006, in _save_table
    results = self._do_insert(
  File "/usr/local/lib/python3.8/dist-packages/django/db/models/base.py", line 1047, in _do_insert
    return manager._insert(
  File "/usr/local/lib/python3.8/dist-packages/django/db/models/manager.py", line 85, in manager_method
    return getattr(self.get_queryset(), name)(*args, **kwargs)
  File "/usr/local/lib/python3.8/dist-packages/django/db/models/query.py", line 1791, in _insert
    return query.get_compiler(using=using).execute_sql(returning_fields)
  File "/usr/local/lib/python3.8/dist-packages/django/db/models/sql/compiler.py", line 1660, in execute_sql
    cursor.execute(sql, params)
  File "/usr/local/lib/python3.8/dist-packages/django/db/backends/utils.py", line 102, in execute
    return super().execute(sql, params)
  File "/usr/local/lib/python3.8/dist-packages/django/db/backends/utils.py", line 67, in execute
    return self._execute_with_wrappers(
  File "/usr/local/lib/python3.8/dist-packages/django/db/backends/utils.py", line 80, in _execute_with_wrappers
    return executor(sql, params, many, context)
  File "/usr/local/lib/python3.8/dist-packages/django/db/backends/utils.py", line 89, in _execute
    return self.cursor.execute(sql, params)
  File "/usr/local/lib/python3.8/dist-packages/django/db/utils.py", line 91, in __exit__
    raise dj_exc_value.with_traceback(traceback) from exc_value
  File "/usr/local/lib/python3.8/dist-packages/django/db/backends/utils.py", line 89, in _execute
    return self.cursor.execute(sql, params)
  File "/usr/local/lib/python3.8/dist-packages/django/db/backends/sqlite3/base.py", line 357, in execute
    return Database.Cursor.execute(self, query, params)
django.db.utils.OperationalError: attempt to write a readonly database
[pid: 1970653|app: 0|req: 2/2] 1.121.138.128 () {68 vars in 1410 bytes} [Mon Oct 16 12:00:13 2023] POST /login/ => generated 203997 bytes in 803 msecs (HTTP/1.1 500) 7 headers in 243 bytes (1 switches on core 0)
SIGINT/SIGTERM received...killing workers...
!!! uWSGI process 1970653 got Segmentation Fault !!!
*** backtrace of 1970653 ***
uwsgi(uwsgi_backtrace+0x2e) [0x55dd9c615c9e]
uwsgi(uwsgi_segfault+0x27) [0x55dd9c616087]
/lib/x86_64-linux-gnu/libc.so.6(+0x43090) [0x7fba20df6090]
/lib/x86_64-linux-gnu/libc.so.6(+0x46876) [0x7fba20df9876]
/lib/x86_64-linux-gnu/libc.so.6(on_exit+0) [0x7fba20df9a60]
uwsgi(+0x424a5) [0x55dd9c5c84a5]
uwsgi(end_me+0x2b) [0x55dd9c612a5b]
/lib/x86_64-linux-gnu/libpthread.so.0(+0x14420) [0x7fba21acf420]
/lib/x86_64-linux-gnu/libc.so.6(epoll_wait+0x5e) [0x7fba20ed246e]
uwsgi(event_queue_wait+0x39) [0x55dd9c608b19]
uwsgi(wsgi_req_accept+0x11a) [0x55dd9c5c5a1a]
uwsgi(simple_loop_run+0xb6) [0x55dd9c611966]
uwsgi(simple_loop+0x14) [0x55dd9c611754]
uwsgi(uwsgi_ignition+0x2a4) [0x55dd9c6163e4]
uwsgi(uwsgi_worker_run+0x276) [0x55dd9c61ab46]
uwsgi(uwsgi_run+0x454) [0x55dd9c61b0c4]
uwsgi(+0x3ee24) [0x55dd9c5c4e24]
/lib/x86_64-linux-gnu/libc.so.6(__libc_start_main+0xf3) [0x7fba20dd7083]
uwsgi(_start+0x2e) [0x55dd9c5c4e5e]
*** end of backtrace ***
worker 1 buried after 1 seconds
goodbye to uWSGI.
*** Starting uWSGI 2.0.20 (64bit) on [Mon Oct 16 12:02:27 2023] ***
compiled with version: 9.3.0 on 27 October 2021 13:42:40
os: Linux-5.4.0-136-generic #153-Ubuntu SMP Thu Nov 24 15:56:58 UTC 2022
nodename: studentlearn1
machine: x86_64
clock source: unix
pcre jit disabled
detected number of CPU cores: 4
current working directory: /var/www/html/LeafletLivingArchive
detected binary path: /usr/local/bin/uwsgi
setuid() to 8
chdir() to ./
your processes number limit is 31476
your memory page size is 4096 bytes
detected max file descriptor number: 1024
lock engine: pthread robust mutexes
thunder lock: disabled (you can enable it with --thunder-lock)
uwsgi socket 0 bound to TCP address 127.0.0.1:8002 fd 3
Python version: 3.8.10 (default, May 26 2023, 14:05:08)  [GCC 9.4.0]
*** Python threads support is disabled. You can enable it with --enable-threads ***
Python main interpreter initialized at 0x5579ca873ba0
your server socket listen backlog is limited to 100 connections
your mercy for graceful operations on workers is 60 seconds
mapped 145840 bytes (142 KB) for 1 cores
*** Operational MODE: single process ***
Traceback (most recent call last):
  File "/usr/local/lib/python3.8/dist-packages/django/core/handlers/wsgi.py", line 125, in __init__
    self.load_middleware()
  File "/usr/local/lib/python3.8/dist-packages/django/core/handlers/base.py", line 40, in load_middleware
    middleware = import_string(middleware_path)
  File "/usr/local/lib/python3.8/dist-packages/django/utils/module_loading.py", line 30, in import_string
    return cached_import(module_path, class_name)
  File "/usr/local/lib/python3.8/dist-packages/django/utils/module_loading.py", line 15, in cached_import
    module = import_module(module_path)
  File "/usr/lib/python3.8/importlib/__init__.py", line 127, in import_module
    return _bootstrap._gcd_import(name[level:], package, level)
  File "<frozen importlib._bootstrap>", line 1014, in _gcd_import
  File "<frozen importlib._bootstrap>", line 991, in _find_and_load
  File "<frozen importlib._bootstrap>", line 975, in _find_and_load_unlocked
  File "<frozen importlib._bootstrap>", line 671, in _load_unlocked
  File "<frozen importlib._bootstrap_external>", line 848, in exec_module
  File "<frozen importlib._bootstrap>", line 219, in _call_with_frames_removed
  File "/var/www/html/LeafletLivingArchive/./blog/middleware.py", line 3, in <module>
    from django.contrib.sessions.models import Session
  File "/usr/local/lib/python3.8/dist-packages/django/contrib/sessions/models.py", line 1, in <module>
    from django.contrib.sessions.base_session import AbstractBaseSession, BaseSessionManager
  File "/usr/local/lib/python3.8/dist-packages/django/contrib/sessions/base_session.py", line 26, in <module>
    class AbstractBaseSession(models.Model):
  File "/usr/local/lib/python3.8/dist-packages/django/db/models/base.py", line 127, in __new__
    app_config = apps.get_containing_app_config(module)
  File "/usr/local/lib/python3.8/dist-packages/django/apps/registry.py", line 260, in get_containing_app_config
    self.check_apps_ready()
  File "/usr/local/lib/python3.8/dist-packages/django/apps/registry.py", line 138, in check_apps_ready
    raise AppRegistryNotReady("Apps aren't loaded yet.")
django.core.exceptions.AppRegistryNotReady: Apps aren't loaded yet.
unable to load app 0 (mountpoint='') (callable not found or import error)
/usr/lib/python3.8/importlib/__init__.py:127: RemovedInWagtail50Warning: Importing from wagtail.core.apps is deprecated. Use wagtail.apps instead. See https://docs.wagtail.org/en/stable/releases/3.0.html#changes-to-module-paths
  return _bootstrap._gcd_import(name[level:], package, level)
/var/www/html/LeafletLivingArchive/./blog/models.py:6: RemovedInWagtail50Warning: Importing from wagtail.admin.edit_handlers is deprecated. Use wagtail.admin.panels instead. See https://docs.wagtail.org/en/stable/releases/3.0.html#changes-to-module-paths
  from wagtail.admin.edit_handlers import FieldPanel, StreamFieldPanel
/var/www/html/LeafletLivingArchive/./blog/models.py:7: RemovedInWagtail50Warning: Importing from wagtail.core.blocks is deprecated. Use wagtail.blocks instead. See https://docs.wagtail.org/en/stable/releases/3.0.html#changes-to-module-paths
  from wagtail.core.blocks import StructBlock, CharBlock
/var/www/html/LeafletLivingArchive/./blog/models.py:8: RemovedInWagtail50Warning: Importing from wagtail.core.fields is deprecated. Use wagtail.fields instead. See https://docs.wagtail.org/en/stable/releases/3.0.html#changes-to-module-paths
  from wagtail.core.fields import RichTextField
/usr/local/lib/python3.8/dist-packages/wagtail/core/models/__init__.py:46: RemovedInWagtail50Warning: Importing from wagtail.core.models.audit_log is deprecated. Use wagtail.models.audit_log instead. See https://docs.wagtail.org/en/stable/releases/3.0.html#changes-to-module-paths
  from .audit_log import (  # noqa
/usr/local/lib/python3.8/dist-packages/wagtail/core/models/__init__.py:52: RemovedInWagtail50Warning: Importing from wagtail.core.models.collections is deprecated. Use wagtail.models.collections instead. See https://docs.wagtail.org/en/stable/releases/3.0.html#changes-to-module-paths
  from .collections import (  # noqa
/usr/local/lib/python3.8/dist-packages/wagtail/core/models/__init__.py:62: RemovedInWagtail50Warning: Importing from wagtail.core.models.copying is deprecated. Use wagtail.models.copying instead. See https://docs.wagtail.org/en/stable/releases/3.0.html#changes-to-module-paths
  from .copying import _copy, _copy_m2m_relations, _extract_field_data  # noqa
/usr/local/lib/python3.8/dist-packages/wagtail/core/models/__init__.py:63: RemovedInWagtail50Warning: Importing from wagtail.core.models.i18n is deprecated. Use wagtail.models.i18n instead. See https://docs.wagtail.org/en/stable/releases/3.0.html#changes-to-module-paths
  from .i18n import (  # noqa
/usr/local/lib/python3.8/dist-packages/wagtail/core/models/__init__.py:72: RemovedInWagtail50Warning: Importing from wagtail.core.models.sites is deprecated. Use wagtail.models.sites instead. See https://docs.wagtail.org/en/stable/releases/3.0.html#changes-to-module-paths
  from .sites import Site, SiteManager, SiteRootPath  # noqa
/var/www/html/LeafletLivingArchive/./blog/models.py:12: RemovedInWagtail50Warning: Importing from wagtail.core.models is deprecated. Use wagtail.models instead. See https://docs.wagtail.org/en/stable/releases/3.0.html#changes-to-module-paths
  from wagtail.core.models import Page
/var/www/html/LeafletLivingArchive/./blog/models.py:94: RemovedInWagtail50Warning: ImageChooserPanel is no longer required for image choosers, and should be replaced by FieldPanel. ImageChooserPanel will be removed in a future release. See https://docs.wagtail.org/en/stable/releases/3.0.html#removal-of-special-purpose-field-panel-types
  ImageChooserPanel("image"),
/var/www/html/LeafletLivingArchive/./blog/models.py:98: RemovedInWagtail50Warning: StreamFieldPanel is no longer required when using StreamField, and should be replaced by FieldPanel. StreamFieldPanel will be removed in a future release. See https://docs.wagtail.org/en/stable/releases/3.0.html#removal-of-special-purpose-field-panel-types
  StreamFieldPanel("links"),
/usr/local/lib/python3.8/dist-packages/django/db/models/base.py:369: RemovedInWagtail50Warning: StreamField must explicitly set use_json_field argument to True/False instead of None.
  value.contribute_to_class(cls, name)
WSGI app 0 (mountpoint='') ready in 0 seconds on interpreter 0x5579ca873ba0 pid: 1970676 (default app)
*** uWSGI is running in multiple interpreter mode ***
spawned uWSGI master process (pid: 1970676)
spawned uWSGI worker 1 (pid: 1970678, cores: 1)
Internal Server Error: /login/
Traceback (most recent call last):
  File "/usr/local/lib/python3.8/dist-packages/django/db/backends/utils.py", line 89, in _execute
    return self.cursor.execute(sql, params)
  File "/usr/local/lib/python3.8/dist-packages/django/db/backends/sqlite3/base.py", line 357, in execute
    return Database.Cursor.execute(self, query, params)
sqlite3.OperationalError: attempt to write a readonly database

The above exception was the direct cause of the following exception:

Traceback (most recent call last):
  File "/usr/local/lib/python3.8/dist-packages/django/core/handlers/exception.py", line 56, in inner
    response = get_response(request)
  File "/usr/local/lib/python3.8/dist-packages/django/core/handlers/base.py", line 197, in _get_response
    response = wrapped_callback(request, *callback_args, **callback_kwargs)
  File "/usr/local/lib/python3.8/dist-packages/django/views/generic/base.py", line 103, in view
    return self.dispatch(request, *args, **kwargs)
  File "/usr/local/lib/python3.8/dist-packages/django/utils/decorators.py", line 46, in _wrapper
    return bound_method(*args, **kwargs)
  File "/usr/local/lib/python3.8/dist-packages/django/views/decorators/debug.py", line 92, in sensitive_post_parameters_wrapper
    return view(request, *args, **kwargs)
  File "/usr/local/lib/python3.8/dist-packages/allauth/account/views.py", line 149, in dispatch
    return super(LoginView, self).dispatch(request, *args, **kwargs)
  File "/usr/local/lib/python3.8/dist-packages/allauth/account/views.py", line 77, in dispatch
    response = super(RedirectAuthenticatedUserMixin, self).dispatch(
  File "/usr/local/lib/python3.8/dist-packages/django/views/generic/base.py", line 142, in dispatch
    return handler(request, *args, **kwargs)
  File "/usr/local/lib/python3.8/dist-packages/allauth/account/views.py", line 105, in post
    response = self.form_valid(form)
  File "/usr/local/lib/python3.8/dist-packages/allauth/account/views.py", line 162, in form_valid
    return form.login(self.request, redirect_url=success_url)
  File "/usr/local/lib/python3.8/dist-packages/allauth/account/forms.py", line 196, in login
    ret = perform_login(
  File "/usr/local/lib/python3.8/dist-packages/allauth/account/utils.py", line 171, in perform_login
    adapter.login(request, user)
  File "/usr/local/lib/python3.8/dist-packages/allauth/account/adapter.py", line 467, in login
    django_login(request, user)
  File "/usr/local/lib/python3.8/dist-packages/django/contrib/auth/__init__.py", line 118, in login
    request.session.cycle_key()
  File "/usr/local/lib/python3.8/dist-packages/django/contrib/sessions/backends/base.py", line 304, in cycle_key
    self.create()
  File "/usr/local/lib/python3.8/dist-packages/django/contrib/sessions/backends/db.py", line 54, in create
    self.save(must_create=True)
  File "/usr/local/lib/python3.8/dist-packages/django/contrib/sessions/backends/db.py", line 86, in save
    obj.save(
  File "/usr/local/lib/python3.8/dist-packages/django/db/models/base.py", line 812, in save
    self.save_base(
  File "/usr/local/lib/python3.8/dist-packages/django/db/models/base.py", line 863, in save_base
    updated = self._save_table(
  File "/usr/local/lib/python3.8/dist-packages/django/db/models/base.py", line 1006, in _save_table
    results = self._do_insert(
  File "/usr/local/lib/python3.8/dist-packages/django/db/models/base.py", line 1047, in _do_insert
    return manager._insert(
  File "/usr/local/lib/python3.8/dist-packages/django/db/models/manager.py", line 85, in manager_method
    return getattr(self.get_queryset(), name)(*args, **kwargs)
  File "/usr/local/lib/python3.8/dist-packages/django/db/models/query.py", line 1791, in _insert
    return query.get_compiler(using=using).execute_sql(returning_fields)
  File "/usr/local/lib/python3.8/dist-packages/django/db/models/sql/compiler.py", line 1660, in execute_sql
    cursor.execute(sql, params)
  File "/usr/local/lib/python3.8/dist-packages/django/db/backends/utils.py", line 102, in execute
    return super().execute(sql, params)
  File "/usr/local/lib/python3.8/dist-packages/django/db/backends/utils.py", line 67, in execute
    return self._execute_with_wrappers(
  File "/usr/local/lib/python3.8/dist-packages/django/db/backends/utils.py", line 80, in _execute_with_wrappers
    return executor(sql, params, many, context)
  File "/usr/local/lib/python3.8/dist-packages/django/db/backends/utils.py", line 89, in _execute
    return self.cursor.execute(sql, params)
  File "/usr/local/lib/python3.8/dist-packages/django/db/utils.py", line 91, in __exit__
    raise dj_exc_value.with_traceback(traceback) from exc_value
  File "/usr/local/lib/python3.8/dist-packages/django/db/backends/utils.py", line 89, in _execute
    return self.cursor.execute(sql, params)
  File "/usr/local/lib/python3.8/dist-packages/django/db/backends/sqlite3/base.py", line 357, in execute
    return Database.Cursor.execute(self, query, params)
django.db.utils.OperationalError: attempt to write a readonly database
[pid: 1970678|app: 0|req: 1/1] 1.121.138.128 () {68 vars in 1410 bytes} [Mon Oct 16 12:02:32 2023] POST /login/ => generated 203997 bytes in 1681 msecs (HTTP/1.1 500) 7 headers in 243 bytes (1 switches on core 0)
[pid: 1970678|app: 0|req: 2/2] 1.121.138.128 () {62 vars in 1226 bytes} [Mon Oct 16 12:02:59 2023] GET /login/ => generated 4873 bytes in 151 msecs (HTTP/1.1 200) 8 headers in 358 bytes (1 switches on core 0)
[pid: 1970678|app: 0|req: 3/3] 1.121.138.128 () {58 vars in 1133 bytes} [Mon Oct 16 12:02:59 2023] GET /livingarchive/static/css/styles.css => generated 0 bytes in 2 msecs (HTTP/1.1 304) 5 headers in 175 bytes (0 switches on core 0)
[pid: 1970678|app: 0|req: 4/4] 1.121.138.128 () {58 vars in 1117 bytes} [Mon Oct 16 12:02:59 2023] GET /livingarchive/static/js/scripts.js => generated 0 bytes in 1 msecs (HTTP/1.1 304) 5 headers in 175 bytes (0 switches on core 0)
[pid: 1970678|app: 0|req: 5/5] 1.121.138.128 () {58 vars in 1187 bytes} [Mon Oct 16 12:02:59 2023] GET /livingarchive/static/assets/favicon.ico => generated 0 bytes in 1 msecs (HTTP/1.1 304) 5 headers in 175 bytes (0 switches on core 0)
Internal Server Error: /login/
Traceback (most recent call last):
  File "/usr/local/lib/python3.8/dist-packages/django/db/backends/utils.py", line 89, in _execute
    return self.cursor.execute(sql, params)
  File "/usr/local/lib/python3.8/dist-packages/django/db/backends/sqlite3/base.py", line 357, in execute
    return Database.Cursor.execute(self, query, params)
sqlite3.OperationalError: attempt to write a readonly database

The above exception was the direct cause of the following exception:

Traceback (most recent call last):
  File "/usr/local/lib/python3.8/dist-packages/django/core/handlers/exception.py", line 56, in inner
    response = get_response(request)
  File "/usr/local/lib/python3.8/dist-packages/django/core/handlers/base.py", line 197, in _get_response
    response = wrapped_callback(request, *callback_args, **callback_kwargs)
  File "/usr/local/lib/python3.8/dist-packages/django/views/generic/base.py", line 103, in view
    return self.dispatch(request, *args, **kwargs)
  File "/usr/local/lib/python3.8/dist-packages/django/utils/decorators.py", line 46, in _wrapper
    return bound_method(*args, **kwargs)
  File "/usr/local/lib/python3.8/dist-packages/django/views/decorators/debug.py", line 92, in sensitive_post_parameters_wrapper
    return view(request, *args, **kwargs)
  File "/usr/local/lib/python3.8/dist-packages/allauth/account/views.py", line 149, in dispatch
    return super(LoginView, self).dispatch(request, *args, **kwargs)
  File "/usr/local/lib/python3.8/dist-packages/allauth/account/views.py", line 77, in dispatch
    response = super(RedirectAuthenticatedUserMixin, self).dispatch(
  File "/usr/local/lib/python3.8/dist-packages/django/views/generic/base.py", line 142, in dispatch
    return handler(request, *args, **kwargs)
  File "/usr/local/lib/python3.8/dist-packages/allauth/account/views.py", line 105, in post
    response = self.form_valid(form)
  File "/usr/local/lib/python3.8/dist-packages/allauth/account/views.py", line 162, in form_valid
    return form.login(self.request, redirect_url=success_url)
  File "/usr/local/lib/python3.8/dist-packages/allauth/account/forms.py", line 196, in login
    ret = perform_login(
  File "/usr/local/lib/python3.8/dist-packages/allauth/account/utils.py", line 171, in perform_login
    adapter.login(request, user)
  File "/usr/local/lib/python3.8/dist-packages/allauth/account/adapter.py", line 467, in login
    django_login(request, user)
  File "/usr/local/lib/python3.8/dist-packages/django/contrib/auth/__init__.py", line 118, in login
    request.session.cycle_key()
  File "/usr/local/lib/python3.8/dist-packages/django/contrib/sessions/backends/base.py", line 304, in cycle_key
    self.create()
  File "/usr/local/lib/python3.8/dist-packages/django/contrib/sessions/backends/db.py", line 54, in create
    self.save(must_create=True)
  File "/usr/local/lib/python3.8/dist-packages/django/contrib/sessions/backends/db.py", line 86, in save
    obj.save(
  File "/usr/local/lib/python3.8/dist-packages/django/db/models/base.py", line 812, in save
    self.save_base(
  File "/usr/local/lib/python3.8/dist-packages/django/db/models/base.py", line 863, in save_base
    updated = self._save_table(
  File "/usr/local/lib/python3.8/dist-packages/django/db/models/base.py", line 1006, in _save_table
    results = self._do_insert(
  File "/usr/local/lib/python3.8/dist-packages/django/db/models/base.py", line 1047, in _do_insert
    return manager._insert(
  File "/usr/local/lib/python3.8/dist-packages/django/db/models/manager.py", line 85, in manager_method
    return getattr(self.get_queryset(), name)(*args, **kwargs)
  File "/usr/local/lib/python3.8/dist-packages/django/db/models/query.py", line 1791, in _insert
    return query.get_compiler(using=using).execute_sql(returning_fields)
  File "/usr/local/lib/python3.8/dist-packages/django/db/models/sql/compiler.py", line 1660, in execute_sql
    cursor.execute(sql, params)
  File "/usr/local/lib/python3.8/dist-packages/django/db/backends/utils.py", line 102, in execute
    return super().execute(sql, params)
  File "/usr/local/lib/python3.8/dist-packages/django/db/backends/utils.py", line 67, in execute
    return self._execute_with_wrappers(
  File "/usr/local/lib/python3.8/dist-packages/django/db/backends/utils.py", line 80, in _execute_with_wrappers
    return executor(sql, params, many, context)
  File "/usr/local/lib/python3.8/dist-packages/django/db/backends/utils.py", line 89, in _execute
    return self.cursor.execute(sql, params)
  File "/usr/local/lib/python3.8/dist-packages/django/db/utils.py", line 91, in __exit__
    raise dj_exc_value.with_traceback(traceback) from exc_value
  File "/usr/local/lib/python3.8/dist-packages/django/db/backends/utils.py", line 89, in _execute
    return self.cursor.execute(sql, params)
  File "/usr/local/lib/python3.8/dist-packages/django/db/backends/sqlite3/base.py", line 357, in execute
    return Database.Cursor.execute(self, query, params)
django.db.utils.OperationalError: attempt to write a readonly database
[pid: 1970678|app: 0|req: 6/6] 1.121.138.128 () {68 vars in 1410 bytes} [Mon Oct 16 12:03:05 2023] POST /login/ => generated 203997 bytes in 805 msecs (HTTP/1.1 500) 7 headers in 243 bytes (1 switches on core 0)
SIGINT/SIGTERM received...killing workers...
!!! uWSGI process 1970678 got Segmentation Fault !!!
*** backtrace of 1970678 ***
uwsgi(uwsgi_backtrace+0x2e) [0x5579c9525c9e]
uwsgi(uwsgi_segfault+0x27) [0x5579c9526087]
/lib/x86_64-linux-gnu/libc.so.6(+0x43090) [0x7f3eff2ba090]
/lib/x86_64-linux-gnu/libc.so.6(+0x46876) [0x7f3eff2bd876]
/lib/x86_64-linux-gnu/libc.so.6(on_exit+0) [0x7f3eff2bda60]
uwsgi(+0x424a5) [0x5579c94d84a5]
uwsgi(end_me+0x2b) [0x5579c9522a5b]
/lib/x86_64-linux-gnu/libpthread.so.0(+0x14420) [0x7f3efff93420]
/lib/x86_64-linux-gnu/libc.so.6(epoll_wait+0x5e) [0x7f3eff39646e]
uwsgi(event_queue_wait+0x39) [0x5579c9518b19]
uwsgi(wsgi_req_accept+0x11a) [0x5579c94d5a1a]
uwsgi(simple_loop_run+0xb6) [0x5579c9521966]
uwsgi(simple_loop+0x14) [0x5579c9521754]
uwsgi(uwsgi_ignition+0x2a4) [0x5579c95263e4]
uwsgi(uwsgi_worker_run+0x276) [0x5579c952ab46]
uwsgi(uwsgi_run+0x454) [0x5579c952b0c4]
uwsgi(+0x3ee24) [0x5579c94d4e24]
/lib/x86_64-linux-gnu/libc.so.6(__libc_start_main+0xf3) [0x7f3eff29b083]
uwsgi(_start+0x2e) [0x5579c94d4e5e]
*** end of backtrace ***
worker 1 buried after 1 seconds
goodbye to uWSGI.
*** Starting uWSGI 2.0.20 (64bit) on [Mon Oct 16 12:03:50 2023] ***
compiled with version: 9.3.0 on 27 October 2021 13:42:40
os: Linux-5.4.0-136-generic #153-Ubuntu SMP Thu Nov 24 15:56:58 UTC 2022
nodename: studentlearn1
machine: x86_64
clock source: unix
pcre jit disabled
detected number of CPU cores: 4
current working directory: /var/www/html/LeafletLivingArchive
detected binary path: /usr/local/bin/uwsgi
setuid() to 8
chdir() to ./
your processes number limit is 31476
your memory page size is 4096 bytes
detected max file descriptor number: 1024
lock engine: pthread robust mutexes
thunder lock: disabled (you can enable it with --thunder-lock)
uwsgi socket 0 bound to TCP address 127.0.0.1:8002 fd 3
Python version: 3.8.10 (default, May 26 2023, 14:05:08)  [GCC 9.4.0]
*** Python threads support is disabled. You can enable it with --enable-threads ***
Python main interpreter initialized at 0x55fe505bcba0
your server socket listen backlog is limited to 100 connections
your mercy for graceful operations on workers is 60 seconds
mapped 145840 bytes (142 KB) for 1 cores
*** Operational MODE: single process ***
Traceback (most recent call last):
  File "/usr/local/lib/python3.8/dist-packages/django/core/handlers/wsgi.py", line 125, in __init__
    self.load_middleware()
  File "/usr/local/lib/python3.8/dist-packages/django/core/handlers/base.py", line 40, in load_middleware
    middleware = import_string(middleware_path)
  File "/usr/local/lib/python3.8/dist-packages/django/utils/module_loading.py", line 30, in import_string
    return cached_import(module_path, class_name)
  File "/usr/local/lib/python3.8/dist-packages/django/utils/module_loading.py", line 15, in cached_import
    module = import_module(module_path)
  File "/usr/lib/python3.8/importlib/__init__.py", line 127, in import_module
    return _bootstrap._gcd_import(name[level:], package, level)
  File "<frozen importlib._bootstrap>", line 1014, in _gcd_import
  File "<frozen importlib._bootstrap>", line 991, in _find_and_load
  File "<frozen importlib._bootstrap>", line 975, in _find_and_load_unlocked
  File "<frozen importlib._bootstrap>", line 671, in _load_unlocked
  File "<frozen importlib._bootstrap_external>", line 848, in exec_module
  File "<frozen importlib._bootstrap>", line 219, in _call_with_frames_removed
  File "/var/www/html/LeafletLivingArchive/./blog/middleware.py", line 3, in <module>
    from django.contrib.sessions.models import Session
  File "/usr/local/lib/python3.8/dist-packages/django/contrib/sessions/models.py", line 1, in <module>
    from django.contrib.sessions.base_session import AbstractBaseSession, BaseSessionManager
  File "/usr/local/lib/python3.8/dist-packages/django/contrib/sessions/base_session.py", line 26, in <module>
    class AbstractBaseSession(models.Model):
  File "/usr/local/lib/python3.8/dist-packages/django/db/models/base.py", line 127, in __new__
    app_config = apps.get_containing_app_config(module)
  File "/usr/local/lib/python3.8/dist-packages/django/apps/registry.py", line 260, in get_containing_app_config
    self.check_apps_ready()
  File "/usr/local/lib/python3.8/dist-packages/django/apps/registry.py", line 138, in check_apps_ready
    raise AppRegistryNotReady("Apps aren't loaded yet.")
django.core.exceptions.AppRegistryNotReady: Apps aren't loaded yet.
unable to load app 0 (mountpoint='') (callable not found or import error)
/usr/lib/python3.8/importlib/__init__.py:127: RemovedInWagtail50Warning: Importing from wagtail.core.apps is deprecated. Use wagtail.apps instead. See https://docs.wagtail.org/en/stable/releases/3.0.html#changes-to-module-paths
  return _bootstrap._gcd_import(name[level:], package, level)
/var/www/html/LeafletLivingArchive/./blog/models.py:6: RemovedInWagtail50Warning: Importing from wagtail.admin.edit_handlers is deprecated. Use wagtail.admin.panels instead. See https://docs.wagtail.org/en/stable/releases/3.0.html#changes-to-module-paths
  from wagtail.admin.edit_handlers import FieldPanel, StreamFieldPanel
/var/www/html/LeafletLivingArchive/./blog/models.py:7: RemovedInWagtail50Warning: Importing from wagtail.core.blocks is deprecated. Use wagtail.blocks instead. See https://docs.wagtail.org/en/stable/releases/3.0.html#changes-to-module-paths
  from wagtail.core.blocks import StructBlock, CharBlock
/var/www/html/LeafletLivingArchive/./blog/models.py:8: RemovedInWagtail50Warning: Importing from wagtail.core.fields is deprecated. Use wagtail.fields instead. See https://docs.wagtail.org/en/stable/releases/3.0.html#changes-to-module-paths
  from wagtail.core.fields import RichTextField
/usr/local/lib/python3.8/dist-packages/wagtail/core/models/__init__.py:46: RemovedInWagtail50Warning: Importing from wagtail.core.models.audit_log is deprecated. Use wagtail.models.audit_log instead. See https://docs.wagtail.org/en/stable/releases/3.0.html#changes-to-module-paths
  from .audit_log import (  # noqa
/usr/local/lib/python3.8/dist-packages/wagtail/core/models/__init__.py:52: RemovedInWagtail50Warning: Importing from wagtail.core.models.collections is deprecated. Use wagtail.models.collections instead. See https://docs.wagtail.org/en/stable/releases/3.0.html#changes-to-module-paths
  from .collections import (  # noqa
/usr/local/lib/python3.8/dist-packages/wagtail/core/models/__init__.py:62: RemovedInWagtail50Warning: Importing from wagtail.core.models.copying is deprecated. Use wagtail.models.copying instead. See https://docs.wagtail.org/en/stable/releases/3.0.html#changes-to-module-paths
  from .copying import _copy, _copy_m2m_relations, _extract_field_data  # noqa
/usr/local/lib/python3.8/dist-packages/wagtail/core/models/__init__.py:63: RemovedInWagtail50Warning: Importing from wagtail.core.models.i18n is deprecated. Use wagtail.models.i18n instead. See https://docs.wagtail.org/en/stable/releases/3.0.html#changes-to-module-paths
  from .i18n import (  # noqa
/usr/local/lib/python3.8/dist-packages/wagtail/core/models/__init__.py:72: RemovedInWagtail50Warning: Importing from wagtail.core.models.sites is deprecated. Use wagtail.models.sites instead. See https://docs.wagtail.org/en/stable/releases/3.0.html#changes-to-module-paths
  from .sites import Site, SiteManager, SiteRootPath  # noqa
/var/www/html/LeafletLivingArchive/./blog/models.py:12: RemovedInWagtail50Warning: Importing from wagtail.core.models is deprecated. Use wagtail.models instead. See https://docs.wagtail.org/en/stable/releases/3.0.html#changes-to-module-paths
  from wagtail.core.models import Page
/var/www/html/LeafletLivingArchive/./blog/models.py:94: RemovedInWagtail50Warning: ImageChooserPanel is no longer required for image choosers, and should be replaced by FieldPanel. ImageChooserPanel will be removed in a future release. See https://docs.wagtail.org/en/stable/releases/3.0.html#removal-of-special-purpose-field-panel-types
  ImageChooserPanel("image"),
/var/www/html/LeafletLivingArchive/./blog/models.py:98: RemovedInWagtail50Warning: StreamFieldPanel is no longer required when using StreamField, and should be replaced by FieldPanel. StreamFieldPanel will be removed in a future release. See https://docs.wagtail.org/en/stable/releases/3.0.html#removal-of-special-purpose-field-panel-types
  StreamFieldPanel("links"),
/usr/local/lib/python3.8/dist-packages/django/db/models/base.py:369: RemovedInWagtail50Warning: StreamField must explicitly set use_json_field argument to True/False instead of None.
  value.contribute_to_class(cls, name)
WSGI app 0 (mountpoint='') ready in 0 seconds on interpreter 0x55fe505bcba0 pid: 1970767 (default app)
*** uWSGI is running in multiple interpreter mode ***
spawned uWSGI master process (pid: 1970767)
spawned uWSGI worker 1 (pid: 1970769, cores: 1)
[pid: 1970769|app: 0|req: 1/1] 1.121.138.128 () {68 vars in 1410 bytes} [Mon Oct 16 12:03:54 2023] POST /login/ => generated 0 bytes in 1891 msecs (HTTP/1.1 302) 11 headers in 705 bytes (1 switches on core 0)
[pid: 1970769|app: 0|req: 2/2] 1.121.138.128 () {62 vars in 1408 bytes} [Mon Oct 16 12:03:56 2023] GET / => generated 31229 bytes in 110 msecs (HTTP/1.1 200) 8 headers in 359 bytes (1 switches on core 0)
[pid: 1970769|app: 0|req: 3/3] 1.121.138.128 () {58 vars in 1321 bytes} [Mon Oct 16 12:03:57 2023] GET /livingarchive/static/css/home_page.css => generated 0 bytes in 2 msecs (HTTP/1.1 304) 5 headers in 175 bytes (0 switches on core 0)
[pid: 1970769|app: 0|req: 4/4] 1.121.138.128 () {58 vars in 1416 bytes} [Mon Oct 16 12:03:57 2023] GET /livingarchive/static/assets/img/header-bg.jpg => generated 0 bytes in 1 msecs (HTTP/1.1 304) 5 headers in 175 bytes (0 switches on core 0)
[pid: 1970769|app: 0|req: 5/5] 1.121.138.128 () {58 vars in 1375 bytes} [Mon Oct 16 12:03:57 2023] GET /livingarchive/static/assets/img/team/3.jpg => generated 0 bytes in 1 msecs (HTTP/1.1 304) 5 headers in 175 bytes (0 switches on core 0)
[pid: 1970769|app: 0|req: 6/6] 1.121.138.128 () {58 vars in 1375 bytes} [Mon Oct 16 12:03:57 2023] GET /livingarchive/static/assets/img/team/1.jpg => generated 0 bytes in 1 msecs (HTTP/1.1 304) 5 headers in 175 bytes (0 switches on core 0)
[pid: 1970769|app: 0|req: 7/7] 1.121.138.128 () {58 vars in 1381 bytes} [Mon Oct 16 12:03:57 2023] GET /livingarchive/static/assets/img/logos/cdu.png => generated 0 bytes in 1 msecs (HTTP/1.1 304) 5 headers in 175 bytes (0 switches on core 0)
[pid: 1970769|app: 0|req: 8/8] 1.121.138.128 () {58 vars in 1416 bytes} [Mon Oct 16 12:03:57 2023] GET /livingarchive/static/assets/img/map-image.png => generated 0 bytes in 1 msecs (HTTP/1.1 304) 5 headers in 175 bytes (0 switches on core 0)
[pid: 1970769|app: 0|req: 9/9] 1.121.138.128 () {60 vars in 1381 bytes} [Mon Oct 16 12:04:01 2023] GET /admin => generated 0 bytes in 1 msecs (HTTP/1.1 301) 3 headers in 112 bytes (1 switches on core 0)
[pid: 1970769|app: 0|req: 10/10] 1.121.138.128 () {60 vars in 1383 bytes} [Mon Oct 16 12:04:01 2023] GET /admin/ => generated 24056 bytes in 393 msecs (HTTP/1.1 200) 11 headers in 569 bytes (1 switches on core 0)
[pid: 1970769|app: 0|req: 11/11] 1.121.138.128 () {56 vars in 1165 bytes} [Mon Oct 16 12:04:02 2023] GET /livingarchive/static/wagtailadmin/css/core.css?v=2f15d667 => generated 225997 bytes in 8 msecs via sendfile() (HTTP/1.1 200) 8 headers in 290 bytes (0 switches on core 0)
[pid: 1970769|app: 0|req: 12/12] 1.121.138.128 () {56 vars in 1170 bytes} [Mon Oct 16 12:04:02 2023] GET /livingarchive/static/wagtailvideos/css/summary-override.css => generated 364 bytes in 1 msecs via sendfile() (HTTP/1.1 200) 8 headers in 299 bytes (0 switches on core 0)
[pid: 1970769|app: 0|req: 13/13] 1.121.138.128 () {56 vars in 1149 bytes} [Mon Oct 16 12:04:02 2023] GET /livingarchive/static/wagtailadmin/js/icons.js?v=2f15d667 => generated 650 bytes in 1 msecs via sendfile() (HTTP/1.1 200) 8 headers in 301 bytes (0 switches on core 0)
[pid: 1970769|app: 0|req: 14/14] 1.121.138.128 () {56 vars in 1185 bytes} [Mon Oct 16 12:04:02 2023] GET /livingarchive/static/wagtailadmin/js/vendor/jquery-3.6.0.min.js?v=2f15d667 => generated 89531 bytes in 3 msecs via sendfile() (HTTP/1.1 200) 8 headers in 314 bytes (0 switches on core 0)
[pid: 1970769|app: 0|req: 15/15] 1.121.138.128 () {56 vars in 1193 bytes} [Mon Oct 16 12:04:02 2023] GET /livingarchive/static/wagtailadmin/js/vendor/jquery-ui-1.13.2.min.js?v=2f15d667 => generated 254377 bytes in 3 msecs via sendfile() (HTTP/1.1 200) 8 headers in 319 bytes (0 switches on core 0)
[pid: 1970769|app: 0|req: 16/16] 1.121.138.128 () {56 vars in 1195 bytes} [Mon Oct 16 12:04:02 2023] GET /livingarchive/static/wagtailadmin/js/vendor/jquery.datetimepicker.js?v=2f15d667 => generated 61449 bytes in 2 msecs via sendfile() (HTTP/1.1 200) 8 headers in 319 bytes (0 switches on core 0)
[pid: 1970769|app: 0|req: 17/17] 1.121.138.128 () {56 vars in 1183 bytes} [Mon Oct 16 12:04:02 2023] GET /livingarchive/static/wagtailadmin/js/vendor/jquery.autosize.js?v=2f15d667 => generated 2990 bytes in 4 msecs via sendfile() (HTTP/1.1 200) 8 headers in 312 bytes (0 switches on core 0)
[pid: 1970769|app: 0|req: 18/18] 1.121.138.128 () {56 vars in 1193 bytes} [Mon Oct 16 12:04:02 2023] GET /livingarchive/static/wagtailadmin/js/vendor/bootstrap-transition.js?v=2f15d667 => generated 876 bytes in 2 msecs via sendfile() (HTTP/1.1 200) 8 headers in 316 bytes (0 switches on core 0)
[pid: 1970769|app: 0|req: 19/19] 1.121.138.128 () {56 vars in 1183 bytes} [Mon Oct 16 12:04:02 2023] GET /livingarchive/static/wagtailadmin/js/vendor/bootstrap-modal.js?v=2f15d667 => generated 3891 bytes in 2 msecs via sendfile() (HTTP/1.1 200) 8 headers in 312 bytes (0 switches on core 0)
[pid: 1970769|app: 0|req: 20/20] 1.121.138.128 () {56 vars in 1165 bytes} [Mon Oct 16 12:04:02 2023] GET /livingarchive/static/wagtailadmin/js/vendor/tag-it.js?v=2f15d667 => generated 8042 bytes in 2 msecs via sendfile() (HTTP/1.1 200) 8 headers in 303 bytes (0 switches on core 0)
[pid: 1970769|app: 0|req: 21/21] 1.121.138.128 () {56 vars in 1064 bytes} [Mon Oct 16 12:04:02 2023] GET /admin/jsi18n/ => generated 3343 bytes in 11 msecs (HTTP/1.1 200) 9 headers in 342 bytes (1 switches on core 0)
[pid: 1970769|app: 0|req: 22/22] 1.121.138.128 () {56 vars in 1147 bytes} [Mon Oct 16 12:04:02 2023] GET /livingarchive/static/wagtailadmin/js/core.js?v=2f15d667 => generated 54810 bytes in 2 msecs via sendfile() (HTTP/1.1 200) 8 headers in 302 bytes (0 switches on core 0)
[pid: 1970769|app: 0|req: 23/23] 1.121.138.128 () {56 vars in 1151 bytes} [Mon Oct 16 12:04:02 2023] GET /livingarchive/static/wagtailadmin/js/vendor.js?v=2f15d667 => generated 266499 bytes in 4 msecs via sendfile() (HTTP/1.1 200) 8 headers in 305 bytes (0 switches on core 0)
[pid: 1970769|app: 0|req: 24/24] 1.121.138.128 () {56 vars in 1163 bytes} [Mon Oct 16 12:04:02 2023] GET /livingarchive/static/wagtailadmin/js/wagtailadmin.js?v=2f15d667 => generated 13556 bytes in 2 msecs via sendfile() (HTTP/1.1 200) 8 headers in 310 bytes (0 switches on core 0)
[pid: 1970769|app: 0|req: 25/25] 1.121.138.128 () {56 vars in 1173 bytes} [Mon Oct 16 12:04:02 2023] GET /livingarchive/static/wagtailadmin/js/telepath/telepath.js?v=2f15d667 => generated 4529 bytes in 2 msecs via sendfile() (HTTP/1.1 200) 8 headers in 305 bytes (0 switches on core 0)
[pid: 1970769|app: 0|req: 26/26] 1.121.138.128 () {56 vars in 1153 bytes} [Mon Oct 16 12:04:02 2023] GET /livingarchive/static/wagtailadmin/js/sidebar.js?v=2f15d667 => generated 44293 bytes in 3 msecs via sendfile() (HTTP/1.1 200) 8 headers in 305 bytes (0 switches on core 0)
[pid: 1970769|app: 0|req: 27/27] 1.121.138.128 () {56 vars in 1078 bytes} [Mon Oct 16 12:04:02 2023] GET /admin/sprite-334b7e20/ => generated 108109 bytes in 1 msecs (HTTP/1.1 200) 8 headers in 322 bytes (1 switches on core 0)
[pid: 1970769|app: 0|req: 28/28] 1.121.138.128 () {58 vars in 1249 bytes} [Mon Oct 16 12:04:03 2023] GET /livingarchive/static/wagtailadmin/fonts/wagtail.woff => generated 24408 bytes in 3 msecs via sendfile() (HTTP/1.1 200) 8 headers in 294 bytes (0 switches on core 0)
[pid: 1970769|app: 0|req: 29/29] 1.121.138.128 () {56 vars in 1223 bytes} [Mon Oct 16 12:04:03 2023] GET /livingarchive/static/wagtailadmin/images/favicon.ico?v=2f15d667 => generated 2666 bytes in 3 msecs via sendfile() (HTTP/1.1 200) 8 headers in 307 bytes (0 switches on core 0)
[pid: 1970769|app: 0|req: 30/30] 1.121.138.128 () {58 vars in 1221 bytes} [Mon Oct 16 12:04:05 2023] GET /admin/api/main/pages/?child_of=1&for_explorer=1&fields=parent => generated 1511 bytes in 55 msecs (HTTP/1.1 200) 10 headers in 361 bytes (1 switches on core 0)
[pid: 1970769|app: 0|req: 31/31] 1.121.138.128 () {60 vars in 1261 bytes} [Mon Oct 16 12:04:06 2023] GET /admin/pages/3/ => generated 178301 bytes in 548 msecs (HTTP/1.1 200) 10 headers in 472 bytes (1 switches on core 0)
[pid: 1970769|app: 0|req: 32/32] 1.121.138.128 () {56 vars in 1072 bytes} [Mon Oct 16 12:04:07 2023] GET /admin/jsi18n/ => generated 3343 bytes in 11 msecs (HTTP/1.1 200) 9 headers in 342 bytes (1 switches on core 0)
[pid: 1970769|app: 0|req: 33/33] 1.121.138.128 () {56 vars in 1175 bytes} [Mon Oct 16 12:04:07 2023] GET /livingarchive/static/wagtailadmin/js/modal-workflow.js?v=2f15d667 => generated 3669 bytes in 2 msecs via sendfile() (HTTP/1.1 200) 8 headers in 311 bytes (0 switches on core 0)
[pid: 1970769|app: 0|req: 34/34] 1.121.138.128 () {56 vars in 1175 bytes} [Mon Oct 16 12:04:07 2023] GET /livingarchive/static/wagtailadmin/js/privacy-switch.js?v=2f15d667 => generated 2842 bytes in 2 msecs via sendfile() (HTTP/1.1 200) 8 headers in 311 bytes (0 switches on core 0)
[pid: 1970769|app: 0|req: 35/35] 1.121.138.128 () {56 vars in 1171 bytes} [Mon Oct 16 12:04:07 2023] GET /livingarchive/static/wagtailadmin/js/bulk-actions.js?v=2f15d667 => generated 5600 bytes in 2 msecs via sendfile() (HTTP/1.1 200) 8 headers in 309 bytes (0 switches on core 0)
[pid: 1970769|app: 0|req: 36/36] 1.121.138.128 () {56 vars in 1086 bytes} [Mon Oct 16 12:04:07 2023] GET /admin/sprite-334b7e20/ => generated 108109 bytes in 1 msecs (HTTP/1.1 200) 8 headers in 322 bytes (1 switches on core 0)
[pid: 1970769|app: 0|req: 37/37] 1.121.138.128 () {58 vars in 1317 bytes} [Mon Oct 16 12:04:12 2023] GET /livingarchive/static/wagtailadmin/images/icons/tick.svg => generated 520 bytes in 2 msecs via sendfile() (HTTP/1.1 200) 8 headers in 292 bytes (0 switches on core 0)
[pid: 1970769|app: 0|req: 38/38] 1.121.138.128 () {60 vars in 1269 bytes} [Mon Oct 16 12:04:34 2023] GET /admin/pages/3/ => generated 178301 bytes in 421 msecs (HTTP/1.1 200) 10 headers in 472 bytes (1 switches on core 0)
[pid: 1970769|app: 0|req: 39/39] 1.121.138.128 () {56 vars in 1072 bytes} [Mon Oct 16 12:04:35 2023] GET /admin/jsi18n/ => generated 3343 bytes in 12 msecs (HTTP/1.1 200) 9 headers in 342 bytes (1 switches on core 0)
[pid: 1970769|app: 0|req: 40/40] 1.121.138.128 () {56 vars in 1086 bytes} [Mon Oct 16 12:04:35 2023] GET /admin/sprite-334b7e20/ => generated 108109 bytes in 1 msecs (HTTP/1.1 200) 8 headers in 322 bytes (1 switches on core 0)
[pid: 1970769|app: 0|req: 41/41] 1.121.138.128 () {58 vars in 1157 bytes} [Mon Oct 16 12:04:55 2023] GET / => generated 31229 bytes in 34 msecs (HTTP/1.1 200) 8 headers in 359 bytes (1 switches on core 0)
[pid: 1970769|app: 0|req: 42/42] 1.121.138.128 () {60 vars in 1237 bytes} [Mon Oct 16 12:05:02 2023] GET /blog/ => generated 169464 bytes in 147 msecs (HTTP/1.1 200) 7 headers in 224 bytes (1 switches on core 0)
Not Found: /blog/" + locations[i][6] + "
[pid: 1970769|app: 0|req: 43/43] 1.121.138.128 () {56 vars in 1165 bytes} [Mon Oct 16 12:05:02 2023] GET /blog/%22%20+%20locations[i][6]%20+%20%22 => generated 7932 bytes in 25 msecs (HTTP/1.1 404) 6 headers in 215 bytes (1 switches on core 0)
[pid: 1970769|app: 0|req: 44/44] 1.121.138.128 () {60 vars in 1726 bytes} [Mon Oct 16 12:05:17 2023] GET /admin/bulk/wagtailcore/page/delete/?next=%2Fadmin%2Fpages%2F3%2F&id=37&id=14&id=22&id=50&id=42&id=33&id=16&id=17&id=36&id=19&id=20&id=21&id=23&id=24&id=31&id=25&id=26&id=38&id=28&id=29&id=32&id=39&id=40&id=41&id=43&id=15&id=18&id=27&id=44&id=6 => generated 18195 bytes in 228 msecs (HTTP/1.1 200) 10 headers in 471 bytes (1 switches on core 0)
[pid: 1970769|app: 0|req: 45/45] 1.121.138.128 () {56 vars in 1301 bytes} [Mon Oct 16 12:05:17 2023] GET /admin/jsi18n/ => generated 3343 bytes in 11 msecs (HTTP/1.1 200) 9 headers in 342 bytes (1 switches on core 0)
[pid: 1970769|app: 0|req: 46/46] 1.121.138.128 () {56 vars in 1315 bytes} [Mon Oct 16 12:05:17 2023] GET /admin/sprite-334b7e20/ => generated 108109 bytes in 1 msecs (HTTP/1.1 200) 8 headers in 322 bytes (1 switches on core 0)
[pid: 1970769|app: 0|req: 47/47] 1.121.138.128 () {68 vars in 2162 bytes} [Mon Oct 16 12:05:27 2023] POST /admin/bulk/wagtailcore/page/delete/?next=%2Fadmin%2Fpages%2F3%2F&id=37&id=14&id=22&id=50&id=42&id=33&id=16&id=17&id=36&id=19&id=20&id=21&id=23&id=24&id=31&id=25&id=26&id=38&id=28&id=29&id=32&id=39&id=40&id=41&id=43&id=15&id=18&id=27&id=44&id=6 => generated 0 bytes in 3412 msecs (HTTP/1.1 302) 11 headers in 558 bytes (1 switches on core 0)
[pid: 1970769|app: 0|req: 48/48] 1.121.138.128 () {62 vars in 1681 bytes} [Mon Oct 16 12:05:31 2023] GET /admin/pages/3/ => generated 38094 bytes in 218 msecs (HTTP/1.1 200) 11 headers in 569 bytes (1 switches on core 0)
[pid: 1970769|app: 0|req: 49/49] 1.121.138.128 () {56 vars in 1072 bytes} [Mon Oct 16 12:05:31 2023] GET /admin/jsi18n/ => generated 3343 bytes in 12 msecs (HTTP/1.1 200) 9 headers in 342 bytes (1 switches on core 0)
[pid: 1970769|app: 0|req: 50/50] 1.121.138.128 () {56 vars in 1086 bytes} [Mon Oct 16 12:05:31 2023] GET /admin/sprite-334b7e20/ => generated 108109 bytes in 1 msecs (HTTP/1.1 200) 8 headers in 322 bytes (1 switches on core 0)
Not Found: /blog/
[pid: 1970769|app: 0|req: 51/51] 1.121.138.128 () {62 vars in 1268 bytes} [Mon Oct 16 12:05:40 2023] GET /blog/ => generated 6989 bytes in 24 msecs (HTTP/1.1 404) 6 headers in 215 bytes (1 switches on core 0)
[pid: 1970769|app: 0|req: 52/52] 1.121.138.128 () {58 vars in 1157 bytes} [Mon Oct 16 12:05:50 2023] GET / => generated 22524 bytes in 22 msecs (HTTP/1.1 200) 8 headers in 359 bytes (1 switches on core 0)
